  VulkanContext.cpp
C:\Users\Laurin\source\repos\vesuvio\vesuvio\gfx\VulkanContext.hpp(55,45): warning C4820: 'vesuvio::VulkanContext::SwapChainSupportDetails': '4' bytes padding added after data member 'vesuvio::VulkanContext::SwapChainSupportDetails::capabilities'
C:\Users\Laurin\source\repos\vesuvio\vesuvio\gfx\VulkanContext.hpp(133,21): warning C4820: 'vesuvio::VulkanContext': '4' bytes padding added after data member 'vesuvio::VulkanContext::currentFrame'
C:\Users\Laurin\source\repos\vesuvio\vesuvio\gfx\VulkanContext.hpp(147,49): warning C4820: 'vesuvio::VulkanContext': '4' bytes padding added after data member 'vesuvio::VulkanContext::swapChainExtent'
C:\Users\Laurin\source\repos\vesuvio\vesuvio\gfx\VulkanContext.hpp(150,28): warning C4820: 'vesuvio::VulkanContext': '4' bytes padding added after data member 'vesuvio::VulkanContext::MAX_FRAMES_IN_FLIGHT'
C:\Users\Laurin\source\repos\vesuvio\vesuvio\gfx\VulkanContext.hpp(217,2): warning C4820: 'vesuvio::VulkanContext': '7' bytes padding added after data member 'vesuvio::VulkanContext::enableValidationLayers'
C:\Users\Laurin\source\repos\vesuvio\vesuvio\gfx\VulkanContext.hpp(217,2): warning C4626: 'vesuvio::VulkanContext': assignment operator was implicitly defined as deleted
C:\Users\Laurin\source\repos\vesuvio\vesuvio\gfx\VulkanContext.cpp(27,152): warning C4191: 'reinterpret_cast': unsafe conversion from 'PFN_vkVoidFunction' to 'PFN_vkCreateDebugUtilsMessengerEXT'
          Calling this function through the result pointer may cause your program to fail
C:\Users\Laurin\source\repos\vesuvio\vesuvio\gfx\VulkanContext.cpp(44,36): warning C4365: 'argument': conversion from 'size_t' to 'std::streamsize', signed/unsigned mismatch
C:\Users\Laurin\source\repos\vesuvio\vesuvio\gfx\VulkanContext.cpp(47,10): warning C4477: 'printf' : format string '%lu' requires an argument of type 'unsigned long', but variadic argument 2 has type 'unsigned __int64'
C:\Users\Laurin\source\repos\vesuvio\vesuvio\gfx\VulkanContext.cpp(47,10): message : consider using '%zu' in the format string
C:\Users\Laurin\source\repos\vesuvio\vesuvio\gfx\VulkanContext.cpp(73,68): warning C4458: declaration of 'window' hides class member
C:\Users\Laurin\source\repos\vesuvio\vesuvio\gfx\VulkanContext.hpp(133,15): message : see declaration of 'vesuvio::VulkanContext::window'
C:\Users\Laurin\source\repos\vesuvio\vesuvio\gfx\VulkanContext.cpp(153,3): warning C4189: 'result': local variable is initialized but not referenced
C:\Users\Laurin\source\repos\vesuvio\vesuvio\gfx\VulkanContext.cpp(210,210): warning C4458: declaration of 'queueFamilyIndices' hides class member
C:\Users\Laurin\source\repos\vesuvio\vesuvio\gfx\VulkanContext.hpp(161,22): message : see declaration of 'vesuvio::VulkanContext::queueFamilyIndices'
C:\Users\Laurin\source\repos\vesuvio\vesuvio\gfx\VulkanContext.cpp(262,10): warning C4477: 'printf' : format string '%lu' requires an argument of type 'unsigned long', but variadic argument 1 has type 'vk::DeviceSize'
C:\Users\Laurin\source\repos\vesuvio\vesuvio\gfx\VulkanContext.cpp(262,10): message : consider using '%llu' in the format string
C:\Users\Laurin\source\repos\vesuvio\vesuvio\gfx\VulkanContext.cpp(262,10): message : consider using '%Iu' in the format string
C:\Users\Laurin\source\repos\vesuvio\vesuvio\gfx\VulkanContext.cpp(262,10): message : consider using '%I64u' in the format string
C:\Users\Laurin\source\repos\vesuvio\vesuvio\gfx\VulkanContext.cpp(401,3): warning C4189: 'result': local variable is initialized but not referenced
C:\Users\Laurin\source\repos\vesuvio\vesuvio\gfx\VulkanContext.cpp(404,56): warning C4458: declaration of 'window' hides class member
C:\Users\Laurin\source\repos\vesuvio\vesuvio\gfx\VulkanContext.hpp(133,15): message : see declaration of 'vesuvio::VulkanContext::window'
C:\Users\Laurin\source\repos\vesuvio\vesuvio\gfx\VulkanContext.cpp(405,3): warning C4189: 'result': local variable is initialized but not referenced
C:\Users\Laurin\source\repos\vesuvio\vesuvio\gfx\VulkanContext.cpp(415,36): warning C4458: declaration of 'device' hides class member
C:\Users\Laurin\source\repos\vesuvio\vesuvio\gfx\VulkanContext.hpp(138,14): message : see declaration of 'vesuvio::VulkanContext::device'
C:\Users\Laurin\source\repos\vesuvio\vesuvio\gfx\VulkanContext.cpp(427,68): warning C4458: declaration of 'device' hides class member
C:\Users\Laurin\source\repos\vesuvio\vesuvio\gfx\VulkanContext.hpp(138,14): message : see declaration of 'vesuvio::VulkanContext::device'
C:\Users\Laurin\source\repos\vesuvio\vesuvio\gfx\VulkanContext.cpp(462,84): warning C4458: declaration of 'device' hides class member
C:\Users\Laurin\source\repos\vesuvio\vesuvio\gfx\VulkanContext.hpp(138,14): message : see declaration of 'vesuvio::VulkanContext::device'
C:\Users\Laurin\source\repos\vesuvio\vesuvio\gfx\VulkanContext.cpp(480,103): warning C4458: declaration of 'device' hides class member
C:\Users\Laurin\source\repos\vesuvio\vesuvio\gfx\VulkanContext.hpp(138,14): message : see declaration of 'vesuvio::VulkanContext::device'
C:\Users\Laurin\source\repos\vesuvio\vesuvio\gfx\VulkanContext.cpp(481,29): warning C4458: declaration of 'indices' hides class member
C:\Users\Laurin\source\repos\vesuvio\vesuvio\gfx\VulkanContext.hpp(201,31): message : see declaration of 'vesuvio::VulkanContext::indices'
C:\Users\Laurin\source\repos\vesuvio\vesuvio\gfx\VulkanContext.cpp(506,112): warning C4458: declaration of 'device' hides class member
C:\Users\Laurin\source\repos\vesuvio\vesuvio\gfx\VulkanContext.hpp(138,14): message : see declaration of 'vesuvio::VulkanContext::device'
C:\Users\Laurin\source\repos\vesuvio\vesuvio\gfx\VulkanContext.cpp(707,24): warning C4458: declaration of 'indices' hides class member
C:\Users\Laurin\source\repos\vesuvio\vesuvio\gfx\VulkanContext.hpp(201,31): message : see declaration of 'vesuvio::VulkanContext::indices'
C:\Users\Laurin\source\repos\vesuvio\vesuvio\gfx\VulkanContext.cpp(995,1): warning C4189: 'result': local variable is initialized but not referenced
C:\Users\Laurin\source\repos\vesuvio\vesuvio\gfx\VulkanContext.cpp(1020,1): warning C4189: 'result': local variable is initialized but not referenced
C:\Users\Laurin\source\repos\vesuvio\vesuvio\gfx\VulkanContext.cpp(1034,1): warning C4189: 'result': local variable is initialized but not referenced
C:\Users\Laurin\source\repos\vesuvio\vesuvio\gfx\VulkanContext.cpp(1116,35): warning C4458: declaration of 'indices' hides class member
C:\Users\Laurin\source\repos\vesuvio\vesuvio\gfx\VulkanContext.hpp(201,31): message : see declaration of 'vesuvio::VulkanContext::indices'
C:\Users\Laurin\source\repos\vesuvio\vesuvio\gfx\VulkanContext.cpp(1103,1): warning C4189: 'result': local variable is initialized but not referenced
C:\Users\Laurin\source\repos\vesuvio\vesuvio\gfx\VulkanContext.cpp(1117,1): warning C4189: 'result': local variable is initialized but not referenced
C:\Users\Laurin\source\repos\vesuvio\vesuvio\gfx\VulkanContext.cpp(1136,1): warning C4189: 'result': local variable is initialized but not referenced
C:\Users\Laurin\source\repos\vesuvio\vesuvio\gfx\VulkanContext.cpp(1151,1): warning C4189: 'result': local variable is initialized but not referenced
C:\Users\Laurin\source\repos\vesuvio\vesuvio\gfx\VulkanContext.cpp(1171,1): warning C4189: 'result': local variable is initialized but not referenced
C:\Users\Laurin\source\repos\vesuvio\vesuvio\gfx\VulkanContext.cpp(1203,56): warning C4267: '=': conversion from 'size_t' to 'uint32_t', possible loss of data
C:\Users\Laurin\source\repos\vesuvio\vesuvio\gfx\VulkanContext.cpp(1375,3): warning C4189: 'result': local variable is initialized but not referenced
C:\Users\Laurin\source\repos\vesuvio\vesuvio\gfx\VulkanContext.cpp(1390,4): warning C4189: 'result': local variable is initialized but not referenced
C:\Users\Laurin\source\repos\vesuvio\vesuvio\gfx\VulkanContext.cpp(1447,39): warning C5219: implicit conversion from 'uint32_t' to 'float', possible loss of data
C:\Users\Laurin\source\repos\vesuvio\vesuvio\gfx\VulkanContext.cpp(1510,228): warning C4100: 'pUserData': unreferenced formal parameter
C:\Users\Laurin\source\repos\vesuvio\vesuvio\gfx\VulkanContext.cpp(1510,150): warning C4100: 'messageType': unreferenced formal parameter
C:\Users\Laurin\source\repos\vesuvio\vesuvio\gfx\VulkanContext.cpp(1521,65): warning C4100: 'height': unreferenced formal parameter
C:\Users\Laurin\source\repos\vesuvio\vesuvio\gfx\VulkanContext.cpp(1521,49): warning C4100: 'width': unreferenced formal parameter
  gfx.vcxproj -> C:\Users\Laurin\source\repos\vesuvio\x64\Release\gfx.lib
