  VulkanContext.cpp
C:\Users\Laurin\source\repos\vesuvio\vesuvio\gfx\Texture.hpp(34,5): warning C4201: nonstandard extension used: nameless struct/union
C:\Users\Laurin\source\repos\vesuvio\vesuvio\gfx\Texture.hpp(72,3): warning C4820: 'vesuvio::Texture::<unnamed-tag>': '4' bytes padding added after data member 'vesuvio::Texture::layout'
C:\Users\Laurin\source\repos\vesuvio\vesuvio\gfx\Texture.hpp(72,7): warning C4820: 'vesuvio::Texture': '4' bytes padding added after data member 'vesuvio::Texture::memoryUsage'
C:\Users\Laurin\source\repos\vesuvio\vesuvio\gfx\VulkanContext.hpp(65,45): warning C4820: 'vesuvio::VulkanContext::SwapChainSupportDetails': '4' bytes padding added after data member 'vesuvio::VulkanContext::SwapChainSupportDetails::capabilities'
C:\Users\Laurin\source\repos\vesuvio\vesuvio\gfx\VulkanContext.hpp(141,21): warning C4820: 'vesuvio::VulkanContext': '4' bytes padding added after data member 'vesuvio::VulkanContext::currentFrame'
C:\Users\Laurin\source\repos\vesuvio\vesuvio\gfx\VulkanContext.hpp(155,49): warning C4820: 'vesuvio::VulkanContext': '4' bytes padding added after data member 'vesuvio::VulkanContext::swapChainExtent'
C:\Users\Laurin\source\repos\vesuvio\vesuvio\gfx\VulkanContext.hpp(158,28): warning C4820: 'vesuvio::VulkanContext': '4' bytes padding added after data member 'vesuvio::VulkanContext::MAX_FRAMES_IN_FLIGHT'
C:\Users\Laurin\source\repos\vesuvio\vesuvio\gfx\VulkanContext.hpp(223,2): warning C4820: 'vesuvio::VulkanContext': '7' bytes padding added after data member 'vesuvio::VulkanContext::enableValidationLayers'
C:\Users\Laurin\source\repos\vesuvio\vesuvio\gfx\VulkanContext.hpp(223,2): warning C4626: 'vesuvio::VulkanContext': assignment operator was implicitly defined as deleted
C:\Users\Laurin\source\repos\vesuvio\vesuvio\gfx\VulkanContext.cpp(28,152): warning C4191: 'reinterpret_cast': unsafe conversion from 'PFN_vkVoidFunction' to 'PFN_vkCreateDebugUtilsMessengerEXT'
          Calling this function through the result pointer may cause your program to fail
C:\Users\Laurin\source\repos\vesuvio\vesuvio\gfx\VulkanContext.cpp(45,36): warning C4365: 'argument': conversion from 'size_t' to 'std::streamsize', signed/unsigned mismatch
C:\Users\Laurin\source\repos\vesuvio\vesuvio\gfx\VulkanContext.cpp(48,10): warning C4777: 'printf' : format string '%llu' requires an argument of type 'unsigned __int64', but variadic argument 2 has type 'unsigned __int64'
C:\Users\Laurin\source\repos\vesuvio\vesuvio\gfx\VulkanContext.cpp(48,10): message : the sizes of types 'unsigned __int64' and 'unsigned __int64' might differ on other platforms
C:\Users\Laurin\source\repos\vesuvio\vesuvio\gfx\VulkanContext.cpp(48,10): message : consider using '%zu' in the format string
C:\Users\Laurin\source\repos\vesuvio\vesuvio\gfx\VulkanContext.cpp(61,4): warning C5038: data member 'vesuvio::VulkanContext::allocator' will be initialized after data member 'vesuvio::VulkanContext::currentFrame'
C:\Users\Laurin\source\repos\vesuvio\vesuvio\gfx\VulkanContext.cpp(63,4): warning C5038: data member 'vesuvio::VulkanContext::depthImageAlloc' will be initialized after data member 'vesuvio::VulkanContext::swapChainFormat'
C:\Users\Laurin\source\repos\vesuvio\vesuvio\gfx\VulkanContext.cpp(64,4): warning C5038: data member 'vesuvio::VulkanContext::swapChainFormat' will be initialized after data member 'vesuvio::VulkanContext::window'
C:\Users\Laurin\source\repos\vesuvio\vesuvio\gfx\VulkanContext.cpp(70,68): warning C4458: declaration of 'window' hides class member
C:\Users\Laurin\source\repos\vesuvio\vesuvio\gfx\VulkanContext.hpp(141,15): message : see declaration of 'vesuvio::VulkanContext::window'
C:\Users\Laurin\source\repos\vesuvio\vesuvio\gfx\VulkanContext.cpp(206,210): warning C4458: declaration of 'queueFamilyIndices' hides class member
C:\Users\Laurin\source\repos\vesuvio\vesuvio\gfx\VulkanContext.hpp(169,22): message : see declaration of 'vesuvio::VulkanContext::queueFamilyIndices'
C:\Users\Laurin\source\repos\vesuvio\vesuvio\gfx\VulkanContext.cpp(411,36): warning C4458: declaration of 'device' hides class member
C:\Users\Laurin\source\repos\vesuvio\vesuvio\gfx\VulkanContext.hpp(146,14): message : see declaration of 'vesuvio::VulkanContext::device'
C:\Users\Laurin\source\repos\vesuvio\vesuvio\gfx\VulkanContext.cpp(423,68): warning C4458: declaration of 'device' hides class member
C:\Users\Laurin\source\repos\vesuvio\vesuvio\gfx\VulkanContext.hpp(146,14): message : see declaration of 'vesuvio::VulkanContext::device'
C:\Users\Laurin\source\repos\vesuvio\vesuvio\gfx\VulkanContext.cpp(458,84): warning C4458: declaration of 'device' hides class member
C:\Users\Laurin\source\repos\vesuvio\vesuvio\gfx\VulkanContext.hpp(146,14): message : see declaration of 'vesuvio::VulkanContext::device'
C:\Users\Laurin\source\repos\vesuvio\vesuvio\gfx\VulkanContext.cpp(476,103): warning C4458: declaration of 'device' hides class member
C:\Users\Laurin\source\repos\vesuvio\vesuvio\gfx\VulkanContext.hpp(146,14): message : see declaration of 'vesuvio::VulkanContext::device'
C:\Users\Laurin\source\repos\vesuvio\vesuvio\gfx\VulkanContext.cpp(477,29): warning C4458: declaration of 'indices' hides class member
C:\Users\Laurin\source\repos\vesuvio\vesuvio\gfx\VulkanContext.hpp(207,31): message : see declaration of 'vesuvio::VulkanContext::indices'
C:\Users\Laurin\source\repos\vesuvio\vesuvio\gfx\VulkanContext.cpp(502,112): warning C4458: declaration of 'device' hides class member
C:\Users\Laurin\source\repos\vesuvio\vesuvio\gfx\VulkanContext.hpp(146,14): message : see declaration of 'vesuvio::VulkanContext::device'
C:\Users\Laurin\source\repos\vesuvio\vesuvio\gfx\VulkanContext.cpp(703,24): warning C4458: declaration of 'indices' hides class member
C:\Users\Laurin\source\repos\vesuvio\vesuvio\gfx\VulkanContext.hpp(207,31): message : see declaration of 'vesuvio::VulkanContext::indices'
C:\Users\Laurin\source\repos\vesuvio\vesuvio\gfx\VulkanContext.cpp(1392,96): warning C4458: declaration of 'vertices' hides class member
C:\Users\Laurin\source\repos\vesuvio\vesuvio\gfx\VulkanContext.hpp(195,29): message : see declaration of 'vesuvio::VulkanContext::vertices'
C:\Users\Laurin\source\repos\vesuvio\vesuvio\gfx\VulkanContext.cpp(1434,94): warning C4458: declaration of 'indices' hides class member
C:\Users\Laurin\source\repos\vesuvio\vesuvio\gfx\VulkanContext.hpp(207,31): message : see declaration of 'vesuvio::VulkanContext::indices'
C:\Users\Laurin\source\repos\vesuvio\vesuvio\gfx\VulkanContext.cpp(1566,228): warning C4100: 'pUserData': unreferenced formal parameter
C:\Users\Laurin\source\repos\vesuvio\vesuvio\gfx\VulkanContext.cpp(1566,150): warning C4100: 'messageType': unreferenced formal parameter
C:\Users\Laurin\source\repos\vesuvio\vesuvio\gfx\VulkanContext.cpp(1577,65): warning C4100: 'height': unreferenced formal parameter
C:\Users\Laurin\source\repos\vesuvio\vesuvio\gfx\VulkanContext.cpp(1577,49): warning C4100: 'width': unreferenced formal parameter
C:\Users\Laurin\source\repos\vesuvio\vesuvio\gfx\VulkanContext.cpp(1586,5): warning C4002: too many arguments for function-like macro invocation 'assert'
C:\Users\Laurin\source\repos\vesuvio\vesuvio\gfx\VulkanContext.cpp(1595,5): warning C4002: too many arguments for function-like macro invocation 'assert'
C:\Users\Laurin\source\repos\vesuvio\vesuvio\gfx\Texture.hpp(23,4): warning C4514: 'vesuvio::Texture::Flags::Flags': unreferenced inline function has been removed
C:\Libraries\VulkanMemoryAllocator\src\vk_mem_alloc.h(8202): warning C5045: Compiler will insert Spectre mitigation for memory load if /Qspectre switch specified
C:\Libraries\VulkanMemoryAllocator\src\vk_mem_alloc.h(8198): message : index 'strLen' range checked by comparison on this line
C:\Libraries\VulkanMemoryAllocator\src\vk_mem_alloc.h(8202): message : feeds call on this line
C:\Libraries\VulkanMemoryAllocator\src\vk_mem_alloc.h(8399): warning C5045: Compiler will insert Spectre mitigation for memory load if /Qspectre switch specified
C:\Libraries\VulkanMemoryAllocator\src\vk_mem_alloc.h(8397): message : index '' range checked by comparison on this line
C:\Libraries\VulkanMemoryAllocator\src\vk_mem_alloc.h(8399): message : feeds call on this line
C:\Libraries\VulkanMemoryAllocator\src\vk_mem_alloc.h(8524): warning C5045: Compiler will insert Spectre mitigation for memory load if /Qspectre switch specified
C:\Libraries\VulkanMemoryAllocator\src\vk_mem_alloc.h(8522): message : index 'count' range checked by comparison on this line
C:\Libraries\VulkanMemoryAllocator\src\vk_mem_alloc.h(8524): message : feeds call on this line
C:\Libraries\VulkanMemoryAllocator\src\vk_mem_alloc.h(9064): warning C5045: Compiler will insert Spectre mitigation for memory load if /Qspectre switch specified
C:\Libraries\VulkanMemoryAllocator\src\vk_mem_alloc.h(9062): message : index '' range checked by comparison on this line
C:\Libraries\VulkanMemoryAllocator\src\vk_mem_alloc.h(9064): message : feeds call on this line
C:\Libraries\VulkanMemoryAllocator\src\vk_mem_alloc.h(9230): warning C5045: Compiler will insert Spectre mitigation for memory load if /Qspectre switch specified
C:\Libraries\VulkanMemoryAllocator\src\vk_mem_alloc.h(9214): message : index 'index' range checked by comparison on this line
C:\Libraries\VulkanMemoryAllocator\src\vk_mem_alloc.h(9230): message : feeds call on this line
C:\Libraries\VulkanMemoryAllocator\src\vk_mem_alloc.h(9216): warning C5045: Compiler will insert Spectre mitigation for memory load if /Qspectre switch specified
C:\Libraries\VulkanMemoryAllocator\src\vk_mem_alloc.h(9214): message : index 'index' range checked by comparison on this line
C:\Libraries\VulkanMemoryAllocator\src\vk_mem_alloc.h(9216): message : feeds call on this line
C:\Libraries\VulkanMemoryAllocator\src\vk_mem_alloc.h(9213): warning C5045: Compiler will insert Spectre mitigation for memory load if /Qspectre switch specified
C:\Libraries\VulkanMemoryAllocator\src\vk_mem_alloc.h(9203): message : index 'freeSuballocCount' range checked by comparison on this line
C:\Libraries\VulkanMemoryAllocator\src\vk_mem_alloc.h(9213): message : feeds call on this line
C:\Libraries\VulkanMemoryAllocator\src\vk_mem_alloc.h(9515): warning C5045: Compiler will insert Spectre mitigation for memory load if /Qspectre switch specified
C:\Libraries\VulkanMemoryAllocator\src\vk_mem_alloc.h(9513): message : index 'count' range checked by comparison on this line
C:\Libraries\VulkanMemoryAllocator\src\vk_mem_alloc.h(9515): message : feeds call on this line
C:\Libraries\VulkanMemoryAllocator\src\vk_mem_alloc.h(9913): warning C5045: Compiler will insert Spectre mitigation for memory load if /Qspectre switch specified
C:\Libraries\VulkanMemoryAllocator\src\vk_mem_alloc.h(9908): message : index 'index' range checked by comparison on this line
C:\Libraries\VulkanMemoryAllocator\src\vk_mem_alloc.h(9913): message : feeds call on this line
C:\Libraries\VulkanMemoryAllocator\src\vk_mem_alloc.h(9911): warning C5045: Compiler will insert Spectre mitigation for memory load if /Qspectre switch specified
C:\Libraries\VulkanMemoryAllocator\src\vk_mem_alloc.h(9908): message : index 'index' range checked by comparison on this line
C:\Libraries\VulkanMemoryAllocator\src\vk_mem_alloc.h(9911): message : feeds call on this line
C:\Libraries\VulkanMemoryAllocator\src\vk_mem_alloc.h(10316): warning C5045: Compiler will insert Spectre mitigation for memory load if /Qspectre switch specified
C:\Libraries\VulkanMemoryAllocator\src\vk_mem_alloc.h(10313): message : index 'lastOffset' range checked by comparison on this line
C:\Libraries\VulkanMemoryAllocator\src\vk_mem_alloc.h(10316): message : feeds call on this line
C:\Libraries\VulkanMemoryAllocator\src\vk_mem_alloc.h(10260): warning C5045: Compiler will insert Spectre mitigation for memory load if /Qspectre switch specified
C:\Libraries\VulkanMemoryAllocator\src\vk_mem_alloc.h(10260): message : index 'nextAlloc1stIndex' range checked by comparison on this line
C:\Libraries\VulkanMemoryAllocator\src\vk_mem_alloc.h(10260): message : feeds call on this line
C:\Libraries\VulkanMemoryAllocator\src\vk_mem_alloc.h(10203): warning C5045: Compiler will insert Spectre mitigation for memory load if /Qspectre switch specified
C:\Libraries\VulkanMemoryAllocator\src\vk_mem_alloc.h(10203): message : index 'nextAlloc2ndIndex' range checked by comparison on this line
C:\Libraries\VulkanMemoryAllocator\src\vk_mem_alloc.h(10203): message : feeds call on this line
C:\Libraries\VulkanMemoryAllocator\src\vk_mem_alloc.h(10494): warning C5045: Compiler will insert Spectre mitigation for memory load if /Qspectre switch specified
C:\Libraries\VulkanMemoryAllocator\src\vk_mem_alloc.h(10491): message : index 'lastOffset' range checked by comparison on this line
C:\Libraries\VulkanMemoryAllocator\src\vk_mem_alloc.h(10494): message : feeds call on this line
C:\Libraries\VulkanMemoryAllocator\src\vk_mem_alloc.h(10442): warning C5045: Compiler will insert Spectre mitigation for memory load if /Qspectre switch specified
C:\Libraries\VulkanMemoryAllocator\src\vk_mem_alloc.h(10442): message : index 'nextAlloc1stIndex' range checked by comparison on this line
C:\Libraries\VulkanMemoryAllocator\src\vk_mem_alloc.h(10442): message : feeds call on this line
C:\Libraries\VulkanMemoryAllocator\src\vk_mem_alloc.h(10389): warning C5045: Compiler will insert Spectre mitigation for memory load if /Qspectre switch specified
C:\Libraries\VulkanMemoryAllocator\src\vk_mem_alloc.h(10389): message : index 'nextAlloc2ndIndex' range checked by comparison on this line
C:\Libraries\VulkanMemoryAllocator\src\vk_mem_alloc.h(10389): message : feeds call on this line
C:\Libraries\VulkanMemoryAllocator\src\vk_mem_alloc.h(10050): warning C5045: Compiler will insert Spectre mitigation for memory load if /Qspectre switch specified
C:\Libraries\VulkanMemoryAllocator\src\vk_mem_alloc.h(10048): message : index 'i' range checked by comparison on this line
C:\Libraries\VulkanMemoryAllocator\src\vk_mem_alloc.h(10050): message : feeds call on this line
C:\Libraries\VulkanMemoryAllocator\src\vk_mem_alloc.h(10041): warning C5045: Compiler will insert Spectre mitigation for memory load if /Qspectre switch specified
C:\Libraries\VulkanMemoryAllocator\src\vk_mem_alloc.h(10039): message : index 'i' range checked by comparison on this line
C:\Libraries\VulkanMemoryAllocator\src\vk_mem_alloc.h(10041): message : feeds call on this line
C:\Libraries\VulkanMemoryAllocator\src\vk_mem_alloc.h(10016): warning C5045: Compiler will insert Spectre mitigation for memory load if /Qspectre switch specified
C:\Libraries\VulkanMemoryAllocator\src\vk_mem_alloc.h(10014): message : index 'i' range checked by comparison on this line
C:\Libraries\VulkanMemoryAllocator\src\vk_mem_alloc.h(10016): message : feeds call on this line
C:\Libraries\VulkanMemoryAllocator\src\vk_mem_alloc.h(10828): warning C5045: Compiler will insert Spectre mitigation for memory load if /Qspectre switch specified
C:\Libraries\VulkanMemoryAllocator\src\vk_mem_alloc.h(10824): message : index 'lastOffset' range checked by comparison on this line
C:\Libraries\VulkanMemoryAllocator\src\vk_mem_alloc.h(10828): message : feeds call on this line
C:\Libraries\VulkanMemoryAllocator\src\vk_mem_alloc.h(10812): warning C5045: Compiler will insert Spectre mitigation for memory load if /Qspectre switch specified
C:\Libraries\VulkanMemoryAllocator\src\vk_mem_alloc.h(10809): message : index 'lastOffset' range checked by comparison on this line
C:\Libraries\VulkanMemoryAllocator\src\vk_mem_alloc.h(10812): message : feeds call on this line
C:\Libraries\VulkanMemoryAllocator\src\vk_mem_alloc.h(10846): warning C5045: Compiler will insert Spectre mitigation for memory load if /Qspectre switch specified
C:\Libraries\VulkanMemoryAllocator\src\vk_mem_alloc.h(10842): message : index 'lastOffset' range checked by comparison on this line
C:\Libraries\VulkanMemoryAllocator\src\vk_mem_alloc.h(10846): message : feeds call on this line
C:\Libraries\VulkanMemoryAllocator\src\vk_mem_alloc.h(10973): warning C5045: Compiler will insert Spectre mitigation for memory load if /Qspectre switch specified
C:\Libraries\VulkanMemoryAllocator\src\vk_mem_alloc.h(10967): message : index 'resultOffset' range checked by comparison on this line
C:\Libraries\VulkanMemoryAllocator\src\vk_mem_alloc.h(10973): message : feeds call on this line
C:\Libraries\VulkanMemoryAllocator\src\vk_mem_alloc.h(10780): warning C5045: Compiler will insert Spectre mitigation for memory load if /Qspectre switch specified
C:\Libraries\VulkanMemoryAllocator\src\vk_mem_alloc.h(10776): message : index 'lastOffset' range checked by comparison on this line
C:\Libraries\VulkanMemoryAllocator\src\vk_mem_alloc.h(10780): message : feeds call on this line
C:\Libraries\VulkanMemoryAllocator\src\vk_mem_alloc.h(10764): warning C5045: Compiler will insert Spectre mitigation for memory load if /Qspectre switch specified
C:\Libraries\VulkanMemoryAllocator\src\vk_mem_alloc.h(10764): message : index 'nextAlloc1stIndex' range checked by comparison on this line
C:\Libraries\VulkanMemoryAllocator\src\vk_mem_alloc.h(10764): message : feeds call on this line
C:\Libraries\VulkanMemoryAllocator\src\vk_mem_alloc.h(10798): warning C5045: Compiler will insert Spectre mitigation for memory load if /Qspectre switch specified
C:\Libraries\VulkanMemoryAllocator\src\vk_mem_alloc.h(10794): message : index 'lastOffset' range checked by comparison on this line
C:\Libraries\VulkanMemoryAllocator\src\vk_mem_alloc.h(10798): message : feeds call on this line
C:\Libraries\VulkanMemoryAllocator\src\vk_mem_alloc.h(10733): warning C5045: Compiler will insert Spectre mitigation for memory load if /Qspectre switch specified
C:\Libraries\VulkanMemoryAllocator\src\vk_mem_alloc.h(10729): message : index 'lastOffset' range checked by comparison on this line
C:\Libraries\VulkanMemoryAllocator\src\vk_mem_alloc.h(10733): message : feeds call on this line
C:\Libraries\VulkanMemoryAllocator\src\vk_mem_alloc.h(10717): warning C5045: Compiler will insert Spectre mitigation for memory load if /Qspectre switch specified
C:\Libraries\VulkanMemoryAllocator\src\vk_mem_alloc.h(10717): message : index 'nextAlloc2ndIndex' range checked by comparison on this line
C:\Libraries\VulkanMemoryAllocator\src\vk_mem_alloc.h(10717): message : feeds call on this line
C:\Libraries\VulkanMemoryAllocator\src\vk_mem_alloc.h(10751): warning C5045: Compiler will insert Spectre mitigation for memory load if /Qspectre switch specified
C:\Libraries\VulkanMemoryAllocator\src\vk_mem_alloc.h(10747): message : index 'lastOffset' range checked by comparison on this line
C:\Libraries\VulkanMemoryAllocator\src\vk_mem_alloc.h(10751): message : feeds call on this line
C:\Libraries\VulkanMemoryAllocator\src\vk_mem_alloc.h(10662): warning C5045: Compiler will insert Spectre mitigation for memory load if /Qspectre switch specified
C:\Libraries\VulkanMemoryAllocator\src\vk_mem_alloc.h(10659): message : index 'lastOffset' range checked by comparison on this line
C:\Libraries\VulkanMemoryAllocator\src\vk_mem_alloc.h(10662): message : feeds call on this line
C:\Libraries\VulkanMemoryAllocator\src\vk_mem_alloc.h(10615): warning C5045: Compiler will insert Spectre mitigation for memory load if /Qspectre switch specified
C:\Libraries\VulkanMemoryAllocator\src\vk_mem_alloc.h(10615): message : index 'nextAlloc1stIndex' range checked by comparison on this line
C:\Libraries\VulkanMemoryAllocator\src\vk_mem_alloc.h(10615): message : feeds call on this line
C:\Libraries\VulkanMemoryAllocator\src\vk_mem_alloc.h(10566): warning C5045: Compiler will insert Spectre mitigation for memory load if /Qspectre switch specified
C:\Libraries\VulkanMemoryAllocator\src\vk_mem_alloc.h(10566): message : index 'nextAlloc2ndIndex' range checked by comparison on this line
C:\Libraries\VulkanMemoryAllocator\src\vk_mem_alloc.h(10566): message : feeds call on this line
C:\Libraries\VulkanMemoryAllocator\src\vk_mem_alloc.h(11310): warning C5045: Compiler will insert Spectre mitigation for memory load if /Qspectre switch specified
C:\Libraries\VulkanMemoryAllocator\src\vk_mem_alloc.h(11291): message : index 'madeLostCount' range checked by comparison on this line
C:\Libraries\VulkanMemoryAllocator\src\vk_mem_alloc.h(11310): message : feeds call on this line
C:\Libraries\VulkanMemoryAllocator\src\vk_mem_alloc.h(11305): warning C5045: Compiler will insert Spectre mitigation for memory load if /Qspectre switch specified
C:\Libraries\VulkanMemoryAllocator\src\vk_mem_alloc.h(11291): message : index 'madeLostCount' range checked by comparison on this line
C:\Libraries\VulkanMemoryAllocator\src\vk_mem_alloc.h(11305): message : feeds call on this line
C:\Libraries\VulkanMemoryAllocator\src\vk_mem_alloc.h(11262): warning C5045: Compiler will insert Spectre mitigation for memory load if /Qspectre switch specified
C:\Libraries\VulkanMemoryAllocator\src\vk_mem_alloc.h(11262): message : index 'index1st' range checked by comparison on this line
C:\Libraries\VulkanMemoryAllocator\src\vk_mem_alloc.h(11262): message : feeds call on this line
C:\Libraries\VulkanMemoryAllocator\src\vk_mem_alloc.h(11247): warning C5045: Compiler will insert Spectre mitigation for memory load if /Qspectre switch specified
C:\Libraries\VulkanMemoryAllocator\src\vk_mem_alloc.h(11241): message : index 'nextSuballocIndex' range checked by comparison on this line
C:\Libraries\VulkanMemoryAllocator\src\vk_mem_alloc.h(11247): message : feeds call on this line
C:\Libraries\VulkanMemoryAllocator\src\vk_mem_alloc.h(11245): warning C5045: Compiler will insert Spectre mitigation for memory load if /Qspectre switch specified
C:\Libraries\VulkanMemoryAllocator\src\vk_mem_alloc.h(11241): message : index 'nextSuballocIndex' range checked by comparison on this line
C:\Libraries\VulkanMemoryAllocator\src\vk_mem_alloc.h(11245): message : feeds call on this line
C:\Libraries\VulkanMemoryAllocator\src\vk_mem_alloc.h(11233): warning C5045: Compiler will insert Spectre mitigation for memory load if /Qspectre switch specified
C:\Libraries\VulkanMemoryAllocator\src\vk_mem_alloc.h(11233): message : index 'index1st' range checked by comparison on this line
C:\Libraries\VulkanMemoryAllocator\src\vk_mem_alloc.h(11233): message : feeds call on this line
C:\Libraries\VulkanMemoryAllocator\src\vk_mem_alloc.h(11202): warning C5045: Compiler will insert Spectre mitigation for memory load if /Qspectre switch specified
C:\Libraries\VulkanMemoryAllocator\src\vk_mem_alloc.h(11194): message : index 'index1st' range checked by comparison on this line
C:\Libraries\VulkanMemoryAllocator\src\vk_mem_alloc.h(11202): message : feeds call on this line
C:\Libraries\VulkanMemoryAllocator\src\vk_mem_alloc.h(11197): warning C5045: Compiler will insert Spectre mitigation for memory load if /Qspectre switch specified
C:\Libraries\VulkanMemoryAllocator\src\vk_mem_alloc.h(11194): message : index 'index1st' range checked by comparison on this line
C:\Libraries\VulkanMemoryAllocator\src\vk_mem_alloc.h(11197): message : feeds call on this line
C:\Libraries\VulkanMemoryAllocator\src\vk_mem_alloc.h(11168): warning C5045: Compiler will insert Spectre mitigation for memory load if /Qspectre switch specified
C:\Libraries\VulkanMemoryAllocator\src\vk_mem_alloc.h(11164): message : index '' range checked by comparison on this line
C:\Libraries\VulkanMemoryAllocator\src\vk_mem_alloc.h(11168): message : feeds call on this line
C:\Libraries\VulkanMemoryAllocator\src\vk_mem_alloc.h(11164): warning C5045: Compiler will insert Spectre mitigation for memory load if /Qspectre switch specified
C:\Libraries\VulkanMemoryAllocator\src\vk_mem_alloc.h(11164): message : index 'index1st' range checked by comparison on this line
C:\Libraries\VulkanMemoryAllocator\src\vk_mem_alloc.h(11164): message : feeds call on this line
C:\Libraries\VulkanMemoryAllocator\src\vk_mem_alloc.h(11364): warning C5045: Compiler will insert Spectre mitigation for memory load if /Qspectre switch specified
C:\Libraries\VulkanMemoryAllocator\src\vk_mem_alloc.h(11360): message : index 'i' range checked by comparison on this line
C:\Libraries\VulkanMemoryAllocator\src\vk_mem_alloc.h(11364): message : feeds call on this line
C:\Libraries\VulkanMemoryAllocator\src\vk_mem_alloc.h(11362): warning C5045: Compiler will insert Spectre mitigation for memory load if /Qspectre switch specified
C:\Libraries\VulkanMemoryAllocator\src\vk_mem_alloc.h(11360): message : index 'i' range checked by comparison on this line
C:\Libraries\VulkanMemoryAllocator\src\vk_mem_alloc.h(11362): message : feeds call on this line
C:\Libraries\VulkanMemoryAllocator\src\vk_mem_alloc.h(11078): warning C5045: Compiler will insert Spectre mitigation for memory load if /Qspectre switch specified
C:\Libraries\VulkanMemoryAllocator\src\vk_mem_alloc.h(11072): message : index '' range checked by comparison on this line
C:\Libraries\VulkanMemoryAllocator\src\vk_mem_alloc.h(11078): message : feeds call on this line
C:\Libraries\VulkanMemoryAllocator\src\vk_mem_alloc.h(11348): warning C5045: Compiler will insert Spectre mitigation for memory load if /Qspectre switch specified
C:\Libraries\VulkanMemoryAllocator\src\vk_mem_alloc.h(11344): message : index 'i' range checked by comparison on this line
C:\Libraries\VulkanMemoryAllocator\src\vk_mem_alloc.h(11348): message : feeds call on this line
C:\Libraries\VulkanMemoryAllocator\src\vk_mem_alloc.h(11346): warning C5045: Compiler will insert Spectre mitigation for memory load if /Qspectre switch specified
C:\Libraries\VulkanMemoryAllocator\src\vk_mem_alloc.h(11344): message : index 'i' range checked by comparison on this line
C:\Libraries\VulkanMemoryAllocator\src\vk_mem_alloc.h(11346): message : feeds call on this line
C:\Libraries\VulkanMemoryAllocator\src\vk_mem_alloc.h(11410): warning C5045: Compiler will insert Spectre mitigation for memory load if /Qspectre switch specified
C:\Libraries\VulkanMemoryAllocator\src\vk_mem_alloc.h(11405): message : index 'i' range checked by comparison on this line
C:\Libraries\VulkanMemoryAllocator\src\vk_mem_alloc.h(11410): message : feeds call on this line
C:\Libraries\VulkanMemoryAllocator\src\vk_mem_alloc.h(11407): warning C5045: Compiler will insert Spectre mitigation for memory load if /Qspectre switch specified
C:\Libraries\VulkanMemoryAllocator\src\vk_mem_alloc.h(11405): message : index 'i' range checked by comparison on this line
C:\Libraries\VulkanMemoryAllocator\src\vk_mem_alloc.h(11407): message : feeds call on this line
C:\Libraries\VulkanMemoryAllocator\src\vk_mem_alloc.h(11391): warning C5045: Compiler will insert Spectre mitigation for memory load if /Qspectre switch specified
C:\Libraries\VulkanMemoryAllocator\src\vk_mem_alloc.h(11386): message : index 'i' range checked by comparison on this line
C:\Libraries\VulkanMemoryAllocator\src\vk_mem_alloc.h(11391): message : feeds call on this line
C:\Libraries\VulkanMemoryAllocator\src\vk_mem_alloc.h(11388): warning C5045: Compiler will insert Spectre mitigation for memory load if /Qspectre switch specified
C:\Libraries\VulkanMemoryAllocator\src\vk_mem_alloc.h(11386): message : index 'i' range checked by comparison on this line
C:\Libraries\VulkanMemoryAllocator\src\vk_mem_alloc.h(11388): message : feeds call on this line
C:\Libraries\VulkanMemoryAllocator\src\vk_mem_alloc.h(11685): warning C5045: Compiler will insert Spectre mitigation for memory load if /Qspectre switch specified
C:\Libraries\VulkanMemoryAllocator\src\vk_mem_alloc.h(11685): message : index '' range checked by comparison on this line
C:\Libraries\VulkanMemoryAllocator\src\vk_mem_alloc.h(11685): message : feeds memory load on this line
C:\Libraries\VulkanMemoryAllocator\src\vk_mem_alloc.h(11653): warning C5045: Compiler will insert Spectre mitigation for memory load if /Qspectre switch specified
C:\Libraries\VulkanMemoryAllocator\src\vk_mem_alloc.h(11651): message : index 'dstIndex' range checked by comparison on this line
C:\Libraries\VulkanMemoryAllocator\src\vk_mem_alloc.h(11653): message : feeds call on this line
C:\Libraries\VulkanMemoryAllocator\src\vk_mem_alloc.h(11616): warning C5045: Compiler will insert Spectre mitigation for memory load if /Qspectre switch specified
C:\Libraries\VulkanMemoryAllocator\src\vk_mem_alloc.h(11616): message : index 'suballoc1stCount' range checked by comparison on this line
C:\Libraries\VulkanMemoryAllocator\src\vk_mem_alloc.h(11616): message : feeds memory load on this line
C:\Libraries\VulkanMemoryAllocator\src\vk_mem_alloc.h(11793): warning C5045: Compiler will insert Spectre mitigation for memory load if /Qspectre switch specified
C:\Libraries\VulkanMemoryAllocator\src\vk_mem_alloc.h(11789): message : index 'level' range checked by comparison on this line
C:\Libraries\VulkanMemoryAllocator\src\vk_mem_alloc.h(11793): message : feeds call on this line
C:\Libraries\VulkanMemoryAllocator\src\vk_mem_alloc.h(11859): warning C5045: Compiler will insert Spectre mitigation for memory load if /Qspectre switch specified
C:\Libraries\VulkanMemoryAllocator\src\vk_mem_alloc.h(11857): message : index 'unusableSize' range checked by comparison on this line
C:\Libraries\VulkanMemoryAllocator\src\vk_mem_alloc.h(11859): message : feeds call on this line
C:\Libraries\VulkanMemoryAllocator\src\vk_mem_alloc.h(11990): warning C5045: Compiler will insert Spectre mitigation for memory load if /Qspectre switch specified
C:\Libraries\VulkanMemoryAllocator\src\vk_mem_alloc.h(11962): message : index 'targetLevel' range checked by comparison on this line
C:\Libraries\VulkanMemoryAllocator\src\vk_mem_alloc.h(11990): message : feeds call on this line
C:\Libraries\VulkanMemoryAllocator\src\vk_mem_alloc.h(12124): warning C5045: Compiler will insert Spectre mitigation for memory load if /Qspectre switch specified
C:\Libraries\VulkanMemoryAllocator\src\vk_mem_alloc.h(12121): message : index 'level' range checked by comparison on this line
C:\Libraries\VulkanMemoryAllocator\src\vk_mem_alloc.h(12128): message : feeds memory load on this line
C:\Libraries\VulkanMemoryAllocator\src\vk_mem_alloc.h(12121): warning C5045: Compiler will insert Spectre mitigation for memory load if /Qspectre switch specified
C:\Libraries\VulkanMemoryAllocator\src\vk_mem_alloc.h(12121): message : index 'level' range checked by comparison on this line
C:\Libraries\VulkanMemoryAllocator\src\vk_mem_alloc.h(12121): message : feeds memory load on this line
C:\Libraries\VulkanMemoryAllocator\src\vk_mem_alloc.h(12248): warning C5045: Compiler will insert Spectre mitigation for memory load if /Qspectre switch specified
C:\Libraries\VulkanMemoryAllocator\src\vk_mem_alloc.h(12246): message : index 'allocSize' range checked by comparison on this line
C:\Libraries\VulkanMemoryAllocator\src\vk_mem_alloc.h(12248): message : feeds call on this line
C:\Libraries\VulkanMemoryAllocator\src\vk_mem_alloc.h(12630): warning C5045: Compiler will insert Spectre mitigation for memory load if /Qspectre switch specified
C:\Libraries\VulkanMemoryAllocator\src\vk_mem_alloc.h(12628): message : index '' range checked by comparison on this line
C:\Libraries\VulkanMemoryAllocator\src\vk_mem_alloc.h(12633): message : feeds call on this line
C:\Libraries\VulkanMemoryAllocator\src\vk_mem_alloc.h(12676): warning C5045: Compiler will insert Spectre mitigation for memory load if /Qspectre switch specified
C:\Libraries\VulkanMemoryAllocator\src\vk_mem_alloc.h(12674): message : index 'allocIndex' range checked by comparison on this line
C:\Libraries\VulkanMemoryAllocator\src\vk_mem_alloc.h(12676): message : feeds call on this line
C:\Libraries\VulkanMemoryAllocator\src\vk_mem_alloc.h(13174): warning C5045: Compiler will insert Spectre mitigation for memory load if /Qspectre switch specified
C:\Libraries\VulkanMemoryAllocator\src\vk_mem_alloc.h(13170): message : index '' range checked by comparison on this line
C:\Libraries\VulkanMemoryAllocator\src\vk_mem_alloc.h(13174): message : feeds call on this line
C:\Libraries\VulkanMemoryAllocator\src\vk_mem_alloc.h(13172): warning C5045: Compiler will insert Spectre mitigation for memory load if /Qspectre switch specified
C:\Libraries\VulkanMemoryAllocator\src\vk_mem_alloc.h(13170): message : index '' range checked by comparison on this line
C:\Libraries\VulkanMemoryAllocator\src\vk_mem_alloc.h(13172): message : feeds call on this line
C:\Libraries\VulkanMemoryAllocator\src\vk_mem_alloc.h(13190): warning C5045: Compiler will insert Spectre mitigation for memory load if /Qspectre switch specified
C:\Libraries\VulkanMemoryAllocator\src\vk_mem_alloc.h(13186): message : index 'i' range checked by comparison on this line
C:\Libraries\VulkanMemoryAllocator\src\vk_mem_alloc.h(13190): message : feeds call on this line
C:\Libraries\VulkanMemoryAllocator\src\vk_mem_alloc.h(13188): warning C5045: Compiler will insert Spectre mitigation for memory load if /Qspectre switch specified
C:\Libraries\VulkanMemoryAllocator\src\vk_mem_alloc.h(13186): message : index 'i' range checked by comparison on this line
C:\Libraries\VulkanMemoryAllocator\src\vk_mem_alloc.h(13188): message : feeds memory load on this line
C:\Libraries\VulkanMemoryAllocator\src\vk_mem_alloc.h(13287): warning C5045: Compiler will insert Spectre mitigation for memory load if /Qspectre switch specified
C:\Libraries\VulkanMemoryAllocator\src\vk_mem_alloc.h(13285): message : index 'res' range checked by comparison on this line
C:\Libraries\VulkanMemoryAllocator\src\vk_mem_alloc.h(13287): message : feeds call on this line
C:\Libraries\VulkanMemoryAllocator\src\vk_mem_alloc.h(13525): warning C5045: Compiler will insert Spectre mitigation for memory load if /Qspectre switch specified
C:\Libraries\VulkanMemoryAllocator\src\vk_mem_alloc.h(13515): message : index '' range checked by comparison on this line
C:\Libraries\VulkanMemoryAllocator\src\vk_mem_alloc.h(13525): message : feeds call on this line
C:\Libraries\VulkanMemoryAllocator\src\vk_mem_alloc.h(13410): warning C5045: Compiler will insert Spectre mitigation for memory load if /Qspectre switch specified
C:\Libraries\VulkanMemoryAllocator\src\vk_mem_alloc.h(13371): message : index 'moveIndex' range checked by comparison on this line
C:\Libraries\VulkanMemoryAllocator\src\vk_mem_alloc.h(13410): message : feeds call on this line
C:\Libraries\VulkanMemoryAllocator\src\vk_mem_alloc.h(13376): warning C5045: Compiler will insert Spectre mitigation for memory load if /Qspectre switch specified
C:\Libraries\VulkanMemoryAllocator\src\vk_mem_alloc.h(13371): message : index 'moveIndex' range checked by comparison on this line
C:\Libraries\VulkanMemoryAllocator\src\vk_mem_alloc.h(13401): message : feeds call on this line
C:\Libraries\VulkanMemoryAllocator\src\vk_mem_alloc.h(13349): warning C5045: Compiler will insert Spectre mitigation for memory load if /Qspectre switch specified
C:\Libraries\VulkanMemoryAllocator\src\vk_mem_alloc.h(13346): message : index 'blockIndex' range checked by comparison on this line
C:\Libraries\VulkanMemoryAllocator\src\vk_mem_alloc.h(13356): message : feeds call on this line
C:\Libraries\VulkanMemoryAllocator\src\vk_mem_alloc.h(13340): warning C5045: Compiler will insert Spectre mitigation for memory load if /Qspectre switch specified
C:\Libraries\VulkanMemoryAllocator\src\vk_mem_alloc.h(13336): message : index 'moveIndex' range checked by comparison on this line
C:\Libraries\VulkanMemoryAllocator\src\vk_mem_alloc.h(13340): message : feeds memory load on this line
C:\Libraries\VulkanMemoryAllocator\src\vk_mem_alloc.h(13487): warning C5045: Compiler will insert Spectre mitigation for memory load if /Qspectre switch specified
C:\Libraries\VulkanMemoryAllocator\src\vk_mem_alloc.h(13483): message : index 'moveIndex' range checked by comparison on this line
C:\Libraries\VulkanMemoryAllocator\src\vk_mem_alloc.h(13496): message : feeds call on this line
C:\Libraries\VulkanMemoryAllocator\src\vk_mem_alloc.h(13473): warning C5045: Compiler will insert Spectre mitigation for memory load if /Qspectre switch specified
C:\Libraries\VulkanMemoryAllocator\src\vk_mem_alloc.h(13462): message : index 'blockCount' range checked by comparison on this line
C:\Libraries\VulkanMemoryAllocator\src\vk_mem_alloc.h(13473): message : feeds call on this line
C:\Libraries\VulkanMemoryAllocator\src\vk_mem_alloc.h(13465): warning C5045: Compiler will insert Spectre mitigation for memory load if /Qspectre switch specified
C:\Libraries\VulkanMemoryAllocator\src\vk_mem_alloc.h(13462): message : index 'blockIndex' range checked by comparison on this line
C:\Libraries\VulkanMemoryAllocator\src\vk_mem_alloc.h(13473): message : feeds call on this line
C:\Libraries\VulkanMemoryAllocator\src\vk_mem_alloc.h(13451): warning C5045: Compiler will insert Spectre mitigation for memory load if /Qspectre switch specified
C:\Libraries\VulkanMemoryAllocator\src\vk_mem_alloc.h(13443): message : index 'moveIndex' range checked by comparison on this line
C:\Libraries\VulkanMemoryAllocator\src\vk_mem_alloc.h(13451): message : feeds memory load on this line
C:\Libraries\VulkanMemoryAllocator\src\vk_mem_alloc.h(13541): warning C5045: Compiler will insert Spectre mitigation for memory load if /Qspectre switch specified
C:\Libraries\VulkanMemoryAllocator\src\vk_mem_alloc.h(13539): message : index 'index' range checked by comparison on this line
C:\Libraries\VulkanMemoryAllocator\src\vk_mem_alloc.h(13542): message : feeds memory load on this line
C:\Libraries\VulkanMemoryAllocator\src\vk_mem_alloc.h(13615): warning C5045: Compiler will insert Spectre mitigation for memory load if /Qspectre switch specified
C:\Libraries\VulkanMemoryAllocator\src\vk_mem_alloc.h(13609): message : index 'i' range checked by comparison on this line
C:\Libraries\VulkanMemoryAllocator\src\vk_mem_alloc.h(13615): message : feeds call on this line
C:\Libraries\VulkanMemoryAllocator\src\vk_mem_alloc.h(12947): warning C5045: Compiler will insert Spectre mitigation for memory load if /Qspectre switch specified
C:\Libraries\VulkanMemoryAllocator\src\vk_mem_alloc.h(12945): message : index 'blockIndex' range checked by comparison on this line
C:\Libraries\VulkanMemoryAllocator\src\vk_mem_alloc.h(13056): message : feeds call on this line
C:\Libraries\VulkanMemoryAllocator\src\vk_mem_alloc.h(12892): warning C5045: Compiler will insert Spectre mitigation for memory load if /Qspectre switch specified
C:\Libraries\VulkanMemoryAllocator\src\vk_mem_alloc.h(12885): message : index 'res' range checked by comparison on this line
C:\Libraries\VulkanMemoryAllocator\src\vk_mem_alloc.h(12892): message : feeds call on this line
C:\Libraries\VulkanMemoryAllocator\src\vk_mem_alloc.h(12809): warning C5045: Compiler will insert Spectre mitigation for memory load if /Qspectre switch specified
C:\Libraries\VulkanMemoryAllocator\src\vk_mem_alloc.h(12805): message : index '' range checked by comparison on this line
C:\Libraries\VulkanMemoryAllocator\src\vk_mem_alloc.h(12809): message : feeds call on this line
C:\Libraries\VulkanMemoryAllocator\src\vk_mem_alloc.h(13786): warning C5045: Compiler will insert Spectre mitigation for memory load if /Qspectre switch specified
C:\Libraries\VulkanMemoryAllocator\src\vk_mem_alloc.h(13781): message : index 'i' range checked by comparison on this line
C:\Libraries\VulkanMemoryAllocator\src\vk_mem_alloc.h(13786): message : feeds call on this line
C:\Libraries\VulkanMemoryAllocator\src\vk_mem_alloc.h(13808): warning C5045: Compiler will insert Spectre mitigation for memory load if /Qspectre switch specified
C:\Libraries\VulkanMemoryAllocator\src\vk_mem_alloc.h(13803): message : index 'i' range checked by comparison on this line
C:\Libraries\VulkanMemoryAllocator\src\vk_mem_alloc.h(13808): message : feeds call on this line
C:\Libraries\VulkanMemoryAllocator\src\vk_mem_alloc.h(13820): warning C5045: Compiler will insert Spectre mitigation for memory load if /Qspectre switch specified
C:\Libraries\VulkanMemoryAllocator\src\vk_mem_alloc.h(13818): message : index 'i' range checked by comparison on this line
C:\Libraries\VulkanMemoryAllocator\src\vk_mem_alloc.h(13820): message : feeds memory load on this line
C:\Libraries\VulkanMemoryAllocator\src\vk_mem_alloc.h(13834): warning C5045: Compiler will insert Spectre mitigation for memory load if /Qspectre switch specified
C:\Libraries\VulkanMemoryAllocator\src\vk_mem_alloc.h(13832): message : index 'i' range checked by comparison on this line
C:\Libraries\VulkanMemoryAllocator\src\vk_mem_alloc.h(13837): message : feeds call on this line
C:\Libraries\VulkanMemoryAllocator\src\vk_mem_alloc.h(13853): warning C5045: Compiler will insert Spectre mitigation for memory load if /Qspectre switch specified
C:\Libraries\VulkanMemoryAllocator\src\vk_mem_alloc.h(13851): message : index '' range checked by comparison on this line
C:\Libraries\VulkanMemoryAllocator\src\vk_mem_alloc.h(13855): message : feeds call on this line
C:\Libraries\VulkanMemoryAllocator\src\vk_mem_alloc.h(13875): warning C5045: Compiler will insert Spectre mitigation for memory load if /Qspectre switch specified
C:\Libraries\VulkanMemoryAllocator\src\vk_mem_alloc.h(13871): message : index '' range checked by comparison on this line
C:\Libraries\VulkanMemoryAllocator\src\vk_mem_alloc.h(13878): message : feeds call on this line
C:\Libraries\VulkanMemoryAllocator\src\vk_mem_alloc.h(13900): warning C5045: Compiler will insert Spectre mitigation for memory load if /Qspectre switch specified
C:\Libraries\VulkanMemoryAllocator\src\vk_mem_alloc.h(13891): message : index '' range checked by comparison on this line
C:\Libraries\VulkanMemoryAllocator\src\vk_mem_alloc.h(13900): message : feeds call on this line
C:\Libraries\VulkanMemoryAllocator\src\vk_mem_alloc.h(13925): warning C5045: Compiler will insert Spectre mitigation for memory load if /Qspectre switch specified
C:\Libraries\VulkanMemoryAllocator\src\vk_mem_alloc.h(13921): message : index 'blockIndex' range checked by comparison on this line
C:\Libraries\VulkanMemoryAllocator\src\vk_mem_alloc.h(13925): message : feeds call on this line
C:\Libraries\VulkanMemoryAllocator\src\vk_mem_alloc.h(14122): warning C5045: Compiler will insert Spectre mitigation for memory load if /Qspectre switch specified
C:\Libraries\VulkanMemoryAllocator\src\vk_mem_alloc.h(14120): message : index 'i' range checked by comparison on this line
C:\Libraries\VulkanMemoryAllocator\src\vk_mem_alloc.h(14122): message : feeds memory load on this line
C:\Libraries\VulkanMemoryAllocator\src\vk_mem_alloc.h(14144): warning C5045: Compiler will insert Spectre mitigation for memory load if /Qspectre switch specified
C:\Libraries\VulkanMemoryAllocator\src\vk_mem_alloc.h(14142): message : index 'blockIndex' range checked by comparison on this line
C:\Libraries\VulkanMemoryAllocator\src\vk_mem_alloc.h(14156): message : feeds call on this line
C:\Libraries\VulkanMemoryAllocator\src\vk_mem_alloc.h(14033): warning C5045: Compiler will insert Spectre mitigation for memory load if /Qspectre switch specified
C:\Libraries\VulkanMemoryAllocator\src\vk_mem_alloc.h(14031): message : index 'dstBlockIndex' range checked by comparison on this line
C:\Libraries\VulkanMemoryAllocator\src\vk_mem_alloc.h(14079): message : feeds call on this line
C:\Libraries\VulkanMemoryAllocator\src\vk_mem_alloc.h(14003): warning C5045: Compiler will insert Spectre mitigation for memory load if /Qspectre switch specified
C:\Libraries\VulkanMemoryAllocator\src\vk_mem_alloc.h(14001): message : index 'srcAllocIndex' range checked by comparison on this line
C:\Libraries\VulkanMemoryAllocator\src\vk_mem_alloc.h(14003): message : feeds call on this line
C:\Libraries\VulkanMemoryAllocator\src\vk_mem_alloc.h(14464): warning C5045: Compiler will insert Spectre mitigation for memory load if /Qspectre switch specified
C:\Libraries\VulkanMemoryAllocator\src\vk_mem_alloc.h(14462): message : index 'blockIndex' range checked by comparison on this line
C:\Libraries\VulkanMemoryAllocator\src\vk_mem_alloc.h(14476): message : feeds call on this line
C:\Libraries\VulkanMemoryAllocator\src\vk_mem_alloc.h(14492): warning C5045: Compiler will insert Spectre mitigation for memory load if /Qspectre switch specified
C:\Libraries\VulkanMemoryAllocator\src\vk_mem_alloc.h(14490): message : index 'blockIndex' range checked by comparison on this line
C:\Libraries\VulkanMemoryAllocator\src\vk_mem_alloc.h(14538): message : feeds memory load on this line
C:\Libraries\VulkanMemoryAllocator\src\vk_mem_alloc.h(14556): warning C5045: Compiler will insert Spectre mitigation for memory load if /Qspectre switch specified
C:\Libraries\VulkanMemoryAllocator\src\vk_mem_alloc.h(14554): message : index 'freeSize' range checked by comparison on this line
C:\Libraries\VulkanMemoryAllocator\src\vk_mem_alloc.h(14556): message : feeds call on this line
C:\Libraries\VulkanMemoryAllocator\src\vk_mem_alloc.h(14553): warning C5045: Compiler will insert Spectre mitigation for memory load if /Qspectre switch specified
C:\Libraries\VulkanMemoryAllocator\src\vk_mem_alloc.h(14543): message : index 'offset' range checked by comparison on this line
C:\Libraries\VulkanMemoryAllocator\src\vk_mem_alloc.h(14553): message : feeds call on this line
C:\Libraries\VulkanMemoryAllocator\src\vk_mem_alloc.h(14272): warning C5045: Compiler will insert Spectre mitigation for memory load if /Qspectre switch specified
C:\Libraries\VulkanMemoryAllocator\src\vk_mem_alloc.h(14270): message : index 'srcBlockInfoIndex' range checked by comparison on this line
C:\Libraries\VulkanMemoryAllocator\src\vk_mem_alloc.h(14435): message : feeds call on this line
C:\Libraries\VulkanMemoryAllocator\src\vk_mem_alloc.h(14369): warning C5045: Compiler will insert Spectre mitigation for memory load if /Qspectre switch specified
C:\Libraries\VulkanMemoryAllocator\src\vk_mem_alloc.h(14362): message : index '' range checked by comparison on this line
C:\Libraries\VulkanMemoryAllocator\src\vk_mem_alloc.h(14372): message : feeds call on this line
C:\Libraries\VulkanMemoryAllocator\src\vk_mem_alloc.h(14250): warning C5045: Compiler will insert Spectre mitigation for memory load if /Qspectre switch specified
C:\Libraries\VulkanMemoryAllocator\src\vk_mem_alloc.h(14248): message : index 'i' range checked by comparison on this line
C:\Libraries\VulkanMemoryAllocator\src\vk_mem_alloc.h(14250): message : feeds call on this line
C:\Libraries\VulkanMemoryAllocator\src\vk_mem_alloc.h(14658): warning C5045: Compiler will insert Spectre mitigation for memory load if /Qspectre switch specified
C:\Libraries\VulkanMemoryAllocator\src\vk_mem_alloc.h(14656): message : index 'count' range checked by comparison on this line
C:\Libraries\VulkanMemoryAllocator\src\vk_mem_alloc.h(14658): message : feeds call on this line
C:\Libraries\VulkanMemoryAllocator\src\vk_mem_alloc.h(14703): warning C5045: Compiler will insert Spectre mitigation for memory load if /Qspectre switch specified
C:\Libraries\VulkanMemoryAllocator\src\vk_mem_alloc.h(14701): message : index 'poolIndex' range checked by comparison on this line
C:\Libraries\VulkanMemoryAllocator\src\vk_mem_alloc.h(14706): message : feeds call on this line
C:\Libraries\VulkanMemoryAllocator\src\vk_mem_alloc.h(14742): warning C5045: Compiler will insert Spectre mitigation for memory load if /Qspectre switch specified
C:\Libraries\VulkanMemoryAllocator\src\vk_mem_alloc.h(14740): message : index 'allocIndex' range checked by comparison on this line
C:\Libraries\VulkanMemoryAllocator\src\vk_mem_alloc.h(14768): message : feeds call on this line
C:\Libraries\VulkanMemoryAllocator\src\vk_mem_alloc.h(14865): warning C5045: Compiler will insert Spectre mitigation for memory load if /Qspectre switch specified
C:\Libraries\VulkanMemoryAllocator\src\vk_mem_alloc.h(14862): message : index 'res' range checked by comparison on this line
C:\Libraries\VulkanMemoryAllocator\src\vk_mem_alloc.h(14875): message : feeds memory load on this line
C:\Libraries\VulkanMemoryAllocator\src\vk_mem_alloc.h(14843): warning C5045: Compiler will insert Spectre mitigation for memory load if /Qspectre switch specified
C:\Libraries\VulkanMemoryAllocator\src\vk_mem_alloc.h(14840): message : index 'res' range checked by comparison on this line
C:\Libraries\VulkanMemoryAllocator\src\vk_mem_alloc.h(14855): message : feeds memory load on this line
C:\Libraries\VulkanMemoryAllocator\src\vk_mem_alloc.h(14926): warning C5045: Compiler will insert Spectre mitigation for memory load if /Qspectre switch specified
C:\Libraries\VulkanMemoryAllocator\src\vk_mem_alloc.h(14923): message : index 'customCtxIndex' range checked by comparison on this line
C:\Libraries\VulkanMemoryAllocator\src\vk_mem_alloc.h(14938): message : feeds memory load on this line
C:\Libraries\VulkanMemoryAllocator\src\vk_mem_alloc.h(14892): warning C5045: Compiler will insert Spectre mitigation for memory load if /Qspectre switch specified
C:\Libraries\VulkanMemoryAllocator\src\vk_mem_alloc.h(14889): message : index 'memTypeIndex' range checked by comparison on this line
C:\Libraries\VulkanMemoryAllocator\src\vk_mem_alloc.h(14906): message : feeds memory load on this line
C:\Libraries\VulkanMemoryAllocator\src\vk_mem_alloc.h(14989): warning C5045: Compiler will insert Spectre mitigation for memory load if /Qspectre switch specified
C:\Libraries\VulkanMemoryAllocator\src\vk_mem_alloc.h(14986): message : index 'customCtxIndex' range checked by comparison on this line
C:\Libraries\VulkanMemoryAllocator\src\vk_mem_alloc.h(14992): message : feeds memory load on this line
C:\Libraries\VulkanMemoryAllocator\src\vk_mem_alloc.h(14965): warning C5045: Compiler will insert Spectre mitigation for memory load if /Qspectre switch specified
C:\Libraries\VulkanMemoryAllocator\src\vk_mem_alloc.h(14962): message : index 'memTypeIndex' range checked by comparison on this line
C:\Libraries\VulkanMemoryAllocator\src\vk_mem_alloc.h(14970): message : feeds memory load on this line
C:\Libraries\VulkanMemoryAllocator\src\vk_mem_alloc.h(15776): warning C5045: Compiler will insert Spectre mitigation for memory load if /Qspectre switch specified
C:\Libraries\VulkanMemoryAllocator\src\vk_mem_alloc.h(15759): message : index '' range checked by comparison on this line
C:\Libraries\VulkanMemoryAllocator\src\vk_mem_alloc.h(15776): message : feeds call on this line
C:\Libraries\VulkanMemoryAllocator\src\vk_mem_alloc.h(16353): warning C5045: Compiler will insert Spectre mitigation for memory load if /Qspectre switch specified
C:\Libraries\VulkanMemoryAllocator\src\vk_mem_alloc.h(16349): message : index 'res' range checked by comparison on this line
C:\Libraries\VulkanMemoryAllocator\src\vk_mem_alloc.h(16353): message : feeds call on this line
C:\Libraries\VulkanMemoryAllocator\src\vk_mem_alloc.h(16336): warning C5045: Compiler will insert Spectre mitigation for memory load if /Qspectre switch specified
C:\Libraries\VulkanMemoryAllocator\src\vk_mem_alloc.h(16333): message : index 'res' range checked by comparison on this line
C:\Libraries\VulkanMemoryAllocator\src\vk_mem_alloc.h(16336): message : feeds call on this line
C:\Libraries\VulkanMemoryAllocator\src\vk_mem_alloc.h(16285): warning C5045: Compiler will insert Spectre mitigation for memory load if /Qspectre switch specified
C:\Libraries\VulkanMemoryAllocator\src\vk_mem_alloc.h(16283): message : index 'allocIndex' range checked by comparison on this line
C:\Libraries\VulkanMemoryAllocator\src\vk_mem_alloc.h(16285): message : feeds call on this line
C:\Libraries\VulkanMemoryAllocator\src\vk_mem_alloc.h(16261): warning C5045: Compiler will insert Spectre mitigation for memory load if /Qspectre switch specified
C:\Libraries\VulkanMemoryAllocator\src\vk_mem_alloc.h(16259): message : index 'allocIndex' range checked by comparison on this line
C:\Libraries\VulkanMemoryAllocator\src\vk_mem_alloc.h(16261): message : feeds call on this line
C:\Libraries\VulkanMemoryAllocator\src\vk_mem_alloc.h(16703): warning C5045: Compiler will insert Spectre mitigation for memory load if /Qspectre switch specified
C:\Libraries\VulkanMemoryAllocator\src\vk_mem_alloc.h(16702): message : index 'i' range checked by comparison on this line
C:\Libraries\VulkanMemoryAllocator\src\vk_mem_alloc.h(16703): message : feeds call on this line
C:\Libraries\VulkanMemoryAllocator\src\vk_mem_alloc.h(16701): warning C5045: Compiler will insert Spectre mitigation for memory load if /Qspectre switch specified
C:\Libraries\VulkanMemoryAllocator\src\vk_mem_alloc.h(16700): message : index 'i' range checked by comparison on this line
C:\Libraries\VulkanMemoryAllocator\src\vk_mem_alloc.h(16701): message : feeds call on this line
C:\Libraries\VulkanMemoryAllocator\src\vk_mem_alloc.h(16686): warning C5045: Compiler will insert Spectre mitigation for memory load if /Qspectre switch specified
C:\Libraries\VulkanMemoryAllocator\src\vk_mem_alloc.h(16682): message : index 'memTypeIndex' range checked by comparison on this line
C:\Libraries\VulkanMemoryAllocator\src\vk_mem_alloc.h(16691): message : feeds call on this line
C:\Libraries\VulkanMemoryAllocator\src\vk_mem_alloc.h(16677): warning C5045: Compiler will insert Spectre mitigation for memory load if /Qspectre switch specified
C:\Libraries\VulkanMemoryAllocator\src\vk_mem_alloc.h(16675): message : index 'poolIndex' range checked by comparison on this line
C:\Libraries\VulkanMemoryAllocator\src\vk_mem_alloc.h(16677): message : feeds call on this line
C:\Libraries\VulkanMemoryAllocator\src\vk_mem_alloc.h(16667): warning C5045: Compiler will insert Spectre mitigation for memory load if /Qspectre switch specified
C:\Libraries\VulkanMemoryAllocator\src\vk_mem_alloc.h(16665): message : index 'memTypeIndex' range checked by comparison on this line
C:\Libraries\VulkanMemoryAllocator\src\vk_mem_alloc.h(16669): message : feeds call on this line
C:\Libraries\VulkanMemoryAllocator\src\vk_mem_alloc.h(16662): warning C5045: Compiler will insert Spectre mitigation for memory load if /Qspectre switch specified
C:\Libraries\VulkanMemoryAllocator\src\vk_mem_alloc.h(16661): message : index 'i' range checked by comparison on this line
C:\Libraries\VulkanMemoryAllocator\src\vk_mem_alloc.h(16662): message : feeds call on this line
C:\Libraries\VulkanMemoryAllocator\src\vk_mem_alloc.h(16660): warning C5045: Compiler will insert Spectre mitigation for memory load if /Qspectre switch specified
C:\Libraries\VulkanMemoryAllocator\src\vk_mem_alloc.h(16659): message : index 'i' range checked by comparison on this line
C:\Libraries\VulkanMemoryAllocator\src\vk_mem_alloc.h(16660): message : feeds call on this line
C:\Libraries\VulkanMemoryAllocator\src\vk_mem_alloc.h(16750): warning C5045: Compiler will insert Spectre mitigation for memory load if /Qspectre switch specified
C:\Libraries\VulkanMemoryAllocator\src\vk_mem_alloc.h(16745): message : index 'i' range checked by comparison on this line
C:\Libraries\VulkanMemoryAllocator\src\vk_mem_alloc.h(16750): message : feeds call on this line
C:\Libraries\VulkanMemoryAllocator\src\vk_mem_alloc.h(16719): warning C5045: Compiler will insert Spectre mitigation for memory load if /Qspectre switch specified
C:\Libraries\VulkanMemoryAllocator\src\vk_mem_alloc.h(16714): message : index 'i' range checked by comparison on this line
C:\Libraries\VulkanMemoryAllocator\src\vk_mem_alloc.h(16719): message : feeds call on this line
C:\Libraries\VulkanMemoryAllocator\src\vk_mem_alloc.h(16713): warning C5045: Compiler will insert Spectre mitigation for memory load if /Qspectre switch specified
C:\Libraries\VulkanMemoryAllocator\src\vk_mem_alloc.h(16711): message : index '' range checked by comparison on this line
C:\Libraries\VulkanMemoryAllocator\src\vk_mem_alloc.h(16713): message : feeds call on this line
C:\Libraries\VulkanMemoryAllocator\src\vk_mem_alloc.h(17053): warning C5045: Compiler will insert Spectre mitigation for memory load if /Qspectre switch specified
C:\Libraries\VulkanMemoryAllocator\src\vk_mem_alloc.h(17049): message : index 'poolIndex' range checked by comparison on this line
C:\Libraries\VulkanMemoryAllocator\src\vk_mem_alloc.h(17062): message : feeds call on this line
C:\Libraries\VulkanMemoryAllocator\src\vk_mem_alloc.h(17051): warning C5045: Compiler will insert Spectre mitigation for memory load if /Qspectre switch specified
C:\Libraries\VulkanMemoryAllocator\src\vk_mem_alloc.h(17049): message : index 'poolIndex' range checked by comparison on this line
C:\Libraries\VulkanMemoryAllocator\src\vk_mem_alloc.h(17051): message : feeds call on this line
C:\Libraries\VulkanMemoryAllocator\src\vk_mem_alloc.h(17030): warning C5045: Compiler will insert Spectre mitigation for memory load if /Qspectre switch specified
C:\Libraries\VulkanMemoryAllocator\src\vk_mem_alloc.h(17026): message : index 'memTypeIndex' range checked by comparison on this line
C:\Libraries\VulkanMemoryAllocator\src\vk_mem_alloc.h(17041): message : feeds call on this line
C:\Libraries\VulkanMemoryAllocator\src\vk_mem_alloc.h(17339): warning C5045: Compiler will insert Spectre mitigation for memory load if /Qspectre switch specified
C:\Libraries\VulkanMemoryAllocator\src\vk_mem_alloc.h(17337): message : index 'allocIndex' range checked by comparison on this line
C:\Libraries\VulkanMemoryAllocator\src\vk_mem_alloc.h(17343): message : feeds call on this line
C:\Libraries\VulkanMemoryAllocator\src\vk_mem_alloc.h(17528): warning C5045: Compiler will insert Spectre mitigation for memory load if /Qspectre switch specified
C:\Libraries\VulkanMemoryAllocator\src\vk_mem_alloc.h(17524): message : index 'heapIndex' range checked by comparison on this line
C:\Libraries\VulkanMemoryAllocator\src\vk_mem_alloc.h(17528): message : feeds call on this line
C:\Libraries\VulkanMemoryAllocator\src\vk_mem_alloc.h(17663): warning C5045: Compiler will insert Spectre mitigation for memory load if /Qspectre switch specified
C:\Libraries\VulkanMemoryAllocator\src\vk_mem_alloc.h(17657): message : index 'poolIndex' range checked by comparison on this line
C:\Libraries\VulkanMemoryAllocator\src\vk_mem_alloc.h(17663): message : feeds call on this line
C:\Libraries\VulkanMemoryAllocator\src\vk_mem_alloc.h(17640): warning C5045: Compiler will insert Spectre mitigation for memory load if /Qspectre switch specified
C:\Libraries\VulkanMemoryAllocator\src\vk_mem_alloc.h(17625): message : index 'memTypeIndex' range checked by comparison on this line
C:\Libraries\VulkanMemoryAllocator\src\vk_mem_alloc.h(17640): message : feeds call on this line
C:\Libraries\VulkanMemoryAllocator\src\vk_mem_alloc.h(17627): warning C5045: Compiler will insert Spectre mitigation for memory load if /Qspectre switch specified
C:\Libraries\VulkanMemoryAllocator\src\vk_mem_alloc.h(17625): message : index 'memTypeIndex' range checked by comparison on this line
C:\Libraries\VulkanMemoryAllocator\src\vk_mem_alloc.h(17627): message : feeds call on this line
C:\Libraries\VulkanMemoryAllocator\src\vk_mem_alloc.h(17590): warning C5045: Compiler will insert Spectre mitigation for memory load if /Qspectre switch specified
C:\Libraries\VulkanMemoryAllocator\src\vk_mem_alloc.h(17587): message : index 'memTypeIndex' range checked by comparison on this line
C:\Libraries\VulkanMemoryAllocator\src\vk_mem_alloc.h(17611): message : feeds call on this line
C:\Libraries\VulkanMemoryAllocator\src\vk_mem_alloc.h(17997): warning C5045: Compiler will insert Spectre mitigation for memory load if /Qspectre switch specified
C:\Libraries\VulkanMemoryAllocator\src\vk_mem_alloc.h(17985): message : index 'memTypeIndex' range checked by comparison on this line
C:\Libraries\VulkanMemoryAllocator\src\vk_mem_alloc.h(17997): message : feeds call on this line
C:\Libraries\VulkanMemoryAllocator\src\vk_mem_alloc.h(17895): warning C5045: Compiler will insert Spectre mitigation for memory load if /Qspectre switch specified
C:\Libraries\VulkanMemoryAllocator\src\vk_mem_alloc.h(17893): message : index 'len' range checked by comparison on this line
C:\Libraries\VulkanMemoryAllocator\src\vk_mem_alloc.h(17895): message : feeds call on this line
C:\Libraries\VulkanMemoryAllocator\src\vk_mem_alloc.h(17821): warning C5045: Compiler will insert Spectre mitigation for memory load if /Qspectre switch specified
C:\Libraries\VulkanMemoryAllocator\src\vk_mem_alloc.h(17786): message : index 'heapIndex' range checked by comparison on this line
C:\Libraries\VulkanMemoryAllocator\src\vk_mem_alloc.h(17821): message : feeds call on this line
C:\Libraries\VulkanMemoryAllocator\src\vk_mem_alloc.h(18297): warning C5045: Compiler will insert Spectre mitigation for memory load if /Qspectre switch specified
C:\Libraries\VulkanMemoryAllocator\src\vk_mem_alloc.h(18295): message : index 'i' range checked by comparison on this line
C:\Libraries\VulkanMemoryAllocator\src\vk_mem_alloc.h(18297): message : feeds call on this line
C:\Libraries\VulkanMemoryAllocator\src\vk_mem_alloc.h(17814): warning C5045: Compiler will insert Spectre mitigation for memory load if /Qspectre switch specified
C:\Libraries\VulkanMemoryAllocator\src\vk_mem_alloc.h(17786): message : index 'heapIndex' range checked by comparison on this line
C:\Libraries\VulkanMemoryAllocator\src\vk_mem_alloc.h(17814): message : feeds call on this line
C:\Libraries\VulkanMemoryAllocator\src\vk_mem_alloc.h(18965): warning C5045: Compiler will insert Spectre mitigation for memory load if /Qspectre switch specified
C:\Libraries\VulkanMemoryAllocator\src\vk_mem_alloc.h(18955): message : index 'res' range checked by comparison on this line
C:\Libraries\VulkanMemoryAllocator\src\vk_mem_alloc.h(19018): message : feeds call on this line
C:\Libraries\VulkanMemoryAllocator\src\vk_mem_alloc.h(18993): warning C5045: Compiler will insert Spectre mitigation for memory load if /Qspectre switch specified
C:\Libraries\VulkanMemoryAllocator\src\vk_mem_alloc.h(18988): message : index 'res' range checked by comparison on this line
C:\Libraries\VulkanMemoryAllocator\src\vk_mem_alloc.h(19014): message : feeds call on this line
C:\Libraries\VulkanMemoryAllocator\src\vk_mem_alloc.h(19003): warning C5045: Compiler will insert Spectre mitigation for memory load if /Qspectre switch specified
C:\Libraries\VulkanMemoryAllocator\src\vk_mem_alloc.h(18995): message : index 'res' range checked by comparison on this line
C:\Libraries\VulkanMemoryAllocator\src\vk_mem_alloc.h(19003): message : feeds call on this line
C:\Libraries\VulkanMemoryAllocator\src\vk_mem_alloc.h(18999): warning C5045: Compiler will insert Spectre mitigation for memory load if /Qspectre switch specified
C:\Libraries\VulkanMemoryAllocator\src\vk_mem_alloc.h(18995): message : index 'res' range checked by comparison on this line
C:\Libraries\VulkanMemoryAllocator\src\vk_mem_alloc.h(18999): message : feeds call on this line
C:\Libraries\VulkanMemoryAllocator\src\vk_mem_alloc.h(19106): warning C5045: Compiler will insert Spectre mitigation for memory load if /Qspectre switch specified
C:\Libraries\VulkanMemoryAllocator\src\vk_mem_alloc.h(19093): message : index 'res' range checked by comparison on this line
C:\Libraries\VulkanMemoryAllocator\src\vk_mem_alloc.h(19159): message : feeds call on this line
C:\Libraries\VulkanMemoryAllocator\src\vk_mem_alloc.h(19134): warning C5045: Compiler will insert Spectre mitigation for memory load if /Qspectre switch specified
C:\Libraries\VulkanMemoryAllocator\src\vk_mem_alloc.h(19129): message : index 'res' range checked by comparison on this line
C:\Libraries\VulkanMemoryAllocator\src\vk_mem_alloc.h(19155): message : feeds call on this line
C:\Libraries\VulkanMemoryAllocator\src\vk_mem_alloc.h(19144): warning C5045: Compiler will insert Spectre mitigation for memory load if /Qspectre switch specified
C:\Libraries\VulkanMemoryAllocator\src\vk_mem_alloc.h(19136): message : index 'res' range checked by comparison on this line
C:\Libraries\VulkanMemoryAllocator\src\vk_mem_alloc.h(19144): message : feeds call on this line
C:\Libraries\VulkanMemoryAllocator\src\vk_mem_alloc.h(19140): warning C5045: Compiler will insert Spectre mitigation for memory load if /Qspectre switch specified
C:\Libraries\VulkanMemoryAllocator\src\vk_mem_alloc.h(19136): message : index 'res' range checked by comparison on this line
C:\Libraries\VulkanMemoryAllocator\src\vk_mem_alloc.h(19140): message : feeds call on this line
C:\Users\Laurin\source\repos\vesuvio\vesuvio\gfx\VulkanContext.cpp(198): warning C5045: Compiler will insert Spectre mitigation for memory load if /Qspectre switch specified
C:\Users\Laurin\source\repos\vesuvio\vesuvio\gfx\VulkanContext.cpp(196): message : index 'i' range checked by comparison on this line
C:\Users\Laurin\source\repos\vesuvio\vesuvio\gfx\VulkanContext.cpp(198): message : feeds call on this line
C:\Users\Laurin\source\repos\vesuvio\vesuvio\gfx\VulkanContext.cpp(197): warning C5045: Compiler will insert Spectre mitigation for memory load if /Qspectre switch specified
C:\Users\Laurin\source\repos\vesuvio\vesuvio\gfx\VulkanContext.cpp(196): message : index 'i' range checked by comparison on this line
C:\Users\Laurin\source\repos\vesuvio\vesuvio\gfx\VulkanContext.cpp(197): message : feeds call on this line
C:\Users\Laurin\source\repos\vesuvio\vesuvio\gfx\VulkanContext.cpp(597): warning C4715: 'vesuvio::VulkanContext::findSupportedFormat': not all control paths return a value
C:\Users\Laurin\source\repos\vesuvio\vesuvio\gfx\VulkanContext.cpp(729): warning C5045: Compiler will insert Spectre mitigation for memory load if /Qspectre switch specified
C:\Users\Laurin\source\repos\vesuvio\vesuvio\gfx\VulkanContext.cpp(728): message : index '' range checked by comparison on this line
C:\Users\Laurin\source\repos\vesuvio\vesuvio\gfx\VulkanContext.cpp(729): message : feeds call on this line
C:\Users\Laurin\source\repos\vesuvio\vesuvio\gfx\VulkanContext.cpp(964): warning C5045: Compiler will insert Spectre mitigation for memory load if /Qspectre switch specified
C:\Users\Laurin\source\repos\vesuvio\vesuvio\gfx\VulkanContext.cpp(949): message : index 'i' range checked by comparison on this line
C:\Users\Laurin\source\repos\vesuvio\vesuvio\gfx\VulkanContext.cpp(964): message : feeds call on this line
C:\Users\Laurin\source\repos\vesuvio\vesuvio\gfx\VulkanContext.cpp(1091): warning C5045: Compiler will insert Spectre mitigation for memory load if /Qspectre switch specified
C:\Users\Laurin\source\repos\vesuvio\vesuvio\gfx\VulkanContext.cpp(1090): message : index '' range checked by comparison on this line
C:\Users\Laurin\source\repos\vesuvio\vesuvio\gfx\VulkanContext.cpp(1091): message : feeds call on this line
C:\Users\Laurin\source\repos\vesuvio\vesuvio\gfx\VulkanContext.cpp(1161): warning C5045: Compiler will insert Spectre mitigation for memory load if /Qspectre switch specified
C:\Users\Laurin\source\repos\vesuvio\vesuvio\gfx\VulkanContext.cpp(1129): message : index '' range checked by comparison on this line
C:\Users\Laurin\source\repos\vesuvio\vesuvio\gfx\VulkanContext.cpp(1161): message : feeds call on this line
C:\Users\Laurin\source\repos\vesuvio\vesuvio\gfx\VulkanContext.cpp(1239): warning C5045: Compiler will insert Spectre mitigation for memory load if /Qspectre switch specified
C:\Users\Laurin\source\repos\vesuvio\vesuvio\gfx\VulkanContext.cpp(1233): message : index 'i' range checked by comparison on this line
C:\Users\Laurin\source\repos\vesuvio\vesuvio\gfx\VulkanContext.cpp(1239): message : feeds call on this line
C:\Users\Laurin\source\repos\vesuvio\vesuvio\gfx\VulkanContext.cpp(1219): warning C5045: Compiler will insert Spectre mitigation for memory load if /Qspectre switch specified
C:\Users\Laurin\source\repos\vesuvio\vesuvio\gfx\VulkanContext.cpp(1186): message : index 'i' range checked by comparison on this line
C:\Users\Laurin\source\repos\vesuvio\vesuvio\gfx\VulkanContext.cpp(1219): message : feeds call on this line
C:\Users\Laurin\source\repos\vesuvio\vesuvio\gfx\VulkanContext.cpp(1265): warning C5045: Compiler will insert Spectre mitigation for memory load if /Qspectre switch specified
C:\Users\Laurin\source\repos\vesuvio\vesuvio\gfx\VulkanContext.cpp(1264): message : index '' range checked by comparison on this line
C:\Users\Laurin\source\repos\vesuvio\vesuvio\gfx\VulkanContext.cpp(1265): message : feeds call on this line
C:\Users\Laurin\source\repos\vesuvio\vesuvio\gfx\VulkanContext.cpp(1546): warning C5045: Compiler will insert Spectre mitigation for memory load if /Qspectre switch specified
C:\Users\Laurin\source\repos\vesuvio\vesuvio\gfx\VulkanContext.cpp(1543): message : index 'i' range checked by comparison on this line
C:\Users\Laurin\source\repos\vesuvio\vesuvio\gfx\VulkanContext.cpp(1546): message : feeds call on this line
C:\Libraries\stb\stb_image.h(1194): warning C5045: Compiler will insert Spectre mitigation for memory load if /Qspectre switch specified
C:\Libraries\stb\stb_image.h(1193): message : index 'slice' range checked by comparison on this line
C:\Libraries\stb\stb_image.h(1194): message : feeds call on this line
C:\Libraries\VulkanMemoryAllocator\src\vk_mem_alloc.h(4725): warning C5045: Compiler will insert Spectre mitigation for memory load if /Qspectre switch specified
C:\Libraries\VulkanMemoryAllocator\src\vk_mem_alloc.h(4722): message : index 'down' range checked by comparison on this line
C:\Libraries\VulkanMemoryAllocator\src\vk_mem_alloc.h(4725): message : feeds call on this line
C:\Libraries\VulkanMemoryAllocator\src\vk_mem_alloc.h(7445): warning C5045: Compiler will insert Spectre mitigation for memory load if /Qspectre switch specified
C:\Libraries\VulkanMemoryAllocator\src\vk_mem_alloc.h(7440): message : index 'i' range checked by comparison on this line
C:\Libraries\VulkanMemoryAllocator\src\vk_mem_alloc.h(7445): message : feeds call on this line
C:\Libraries\VulkanMemoryAllocator\src\vk_mem_alloc.h(7787): warning C5045: Compiler will insert Spectre mitigation for memory load if /Qspectre switch specified
C:\Libraries\VulkanMemoryAllocator\src\vk_mem_alloc.h(7784): message : index 'heapIndex' range checked by comparison on this line
C:\Libraries\VulkanMemoryAllocator\src\vk_mem_alloc.h(7787): message : feeds call on this line
C:\Users\Laurin\source\repos\vesuvio\vesuvio\gfx\predefined C++ types (compiler internal)(489): warning C5045: Compiler will insert Spectre mitigation for memory load if /Qspectre switch specified
C:\Users\Laurin\source\repos\vesuvio\vesuvio\gfx\predefined C++ types (compiler internal)(487): message : index 'i' range checked by comparison on this line
C:\Users\Laurin\source\repos\vesuvio\vesuvio\gfx\predefined C++ types (compiler internal)(489): message : feeds call on this line
C:\Libraries\stb\stb_image.h(1178): warning C5045: Compiler will insert Spectre mitigation for memory load if /Qspectre switch specified
C:\Libraries\stb\stb_image.h(1169): message : index 'row' range checked by comparison on this line
C:\Libraries\stb\stb_image.h(1178): message : feeds call on this line
C:\Libraries\stb\stb_image.h(7044): warning C5045: Compiler will insert Spectre mitigation for memory load if /Qspectre switch specified
C:\Libraries\stb\stb_image.h(7029): message : index 'j' range checked by comparison on this line
C:\Libraries\stb\stb_image.h(7044): message : feeds call on this line
C:\Libraries\stb\stb_image.h(7074): warning C5045: Compiler will insert Spectre mitigation for memory load if /Qspectre switch specified
C:\Libraries\stb\stb_image.h(7073): message : index '' range checked by comparison on this line
C:\Libraries\stb\stb_image.h(7074): message : feeds call on this line
C:\Libraries\stb\stb_image.h(7072): warning C5045: Compiler will insert Spectre mitigation for memory load if /Qspectre switch specified
C:\Libraries\stb\stb_image.h(7072): message : index '' range checked by comparison on this line
C:\Libraries\stb\stb_image.h(7072): message : feeds call on this line
C:\Libraries\stb\stb_image.h(7067): warning C5045: Compiler will insert Spectre mitigation for memory load if /Qspectre switch specified
C:\Libraries\stb\stb_image.h(7067): message : index 'nleft' range checked by comparison on this line
C:\Libraries\stb\stb_image.h(7067): message : feeds call on this line
C:\Libraries\stb\stb_image.h(7065): warning C5045: Compiler will insert Spectre mitigation for memory load if /Qspectre switch specified
C:\Libraries\stb\stb_image.h(7063): message : index '' range checked by comparison on this line
C:\Libraries\stb\stb_image.h(7065): message : feeds call on this line
C:\Libraries\stb\stb_image.h(5613): warning C5045: Compiler will insert Spectre mitigation for memory load if /Qspectre switch specified
C:\Libraries\stb\stb_image.h(5612): message : index 'tga_h' range checked by comparison on this line
C:\Libraries\stb\stb_image.h(5613): message : feeds call on this line
C:\Libraries\stb\stb_image.h(5608): warning C5045: Compiler will insert Spectre mitigation for memory load if /Qspectre switch specified
C:\Libraries\stb\stb_image.h(5607): message : index 'tga_w' range checked by comparison on this line
C:\Libraries\stb\stb_image.h(5608): message : feeds call on this line
C:\Libraries\stb\stb_image.h(5581): warning C5045: Compiler will insert Spectre mitigation for memory load if /Qspectre switch specified
C:\Libraries\stb\stb_image.h(5580): message : index 'tga_colormap_type' range checked by comparison on this line
C:\Libraries\stb\stb_image.h(5581): message : feeds call on this line
C:\Libraries\stb\stb_image.h(6717): warning C5045: Compiler will insert Spectre mitigation for memory load if /Qspectre switch specified
C:\Libraries\stb\stb_image.h(6714): message : index 'pi' range checked by comparison on this line
C:\Libraries\stb\stb_image.h(6717): message : feeds call on this line
C:\Libraries\stb\stb_image.h(6642): warning C5045: Compiler will insert Spectre mitigation for memory load if /Qspectre switch specified
C:\Libraries\stb\stb_image.h(6640): message : index 'pi' range checked by comparison on this line
C:\Libraries\stb\stb_image.h(6642): message : feeds call on this line
C:\Libraries\stb\stb_image.h(6635): warning C5045: Compiler will insert Spectre mitigation for memory load if /Qspectre switch specified
C:\Libraries\stb\stb_image.h(6633): message : index 'pi' range checked by comparison on this line
C:\Libraries\stb\stb_image.h(6635): message : feeds call on this line
C:\Libraries\stb\stb_image.h(1727): warning C5045: Compiler will insert Spectre mitigation for memory load if /Qspectre switch specified
C:\Libraries\stb\stb_image.h(1727): message : index 'i' range checked by comparison on this line
C:\Libraries\stb\stb_image.h(1727): message : feeds call on this line
C:\Libraries\stb\stb_image.h(1726): warning C5045: Compiler will insert Spectre mitigation for memory load if /Qspectre switch specified
C:\Libraries\stb\stb_image.h(1726): message : index 'i' range checked by comparison on this line
C:\Libraries\stb\stb_image.h(1726): message : feeds call on this line
C:\Libraries\stb\stb_image.h(1725): warning C5045: Compiler will insert Spectre mitigation for memory load if /Qspectre switch specified
C:\Libraries\stb\stb_image.h(1725): message : index 'i' range checked by comparison on this line
C:\Libraries\stb\stb_image.h(1725): message : feeds call on this line
C:\Libraries\stb\stb_image.h(1724): warning C5045: Compiler will insert Spectre mitigation for memory load if /Qspectre switch specified
C:\Libraries\stb\stb_image.h(1724): message : index 'i' range checked by comparison on this line
C:\Libraries\stb\stb_image.h(1724): message : feeds call on this line
C:\Libraries\VulkanMemoryAllocator\src\vk_mem_alloc.h(5095): warning C5045: Compiler will insert Spectre mitigation for memory load if /Qspectre switch specified
C:\Libraries\VulkanMemoryAllocator\src\vk_mem_alloc.h(5093): message : index 'index' range checked by comparison on this line
C:\Libraries\VulkanMemoryAllocator\src\vk_mem_alloc.h(5095): message : feeds call on this line
C:\Libraries\VulkanMemoryAllocator\src\vk_mem_alloc.h(5270): warning C5045: Compiler will insert Spectre mitigation for memory load if /Qspectre switch specified
C:\Libraries\VulkanMemoryAllocator\src\vk_mem_alloc.h(5268): message : index 'newCount' range checked by comparison on this line
C:\Libraries\VulkanMemoryAllocator\src\vk_mem_alloc.h(5270): message : feeds call on this line
C:\Libraries\VulkanMemoryAllocator\src\vk_mem_alloc.h(5259): warning C5045: Compiler will insert Spectre mitigation for memory load if /Qspectre switch specified
C:\Libraries\VulkanMemoryAllocator\src\vk_mem_alloc.h(5256): message : index 'newCount' range checked by comparison on this line
C:\Libraries\VulkanMemoryAllocator\src\vk_mem_alloc.h(5259): message : feeds call on this line
C:\Libraries\VulkanMemoryAllocator\src\vk_mem_alloc.h(5254): warning C5045: Compiler will insert Spectre mitigation for memory load if /Qspectre switch specified
C:\Libraries\VulkanMemoryAllocator\src\vk_mem_alloc.h(5251): message : index 'newCount' range checked by comparison on this line
C:\Libraries\VulkanMemoryAllocator\src\vk_mem_alloc.h(5254): message : feeds call on this line
C:\Libraries\stb\stb_image.h(6091): warning C5045: Compiler will insert Spectre mitigation for memory load if /Qspectre switch specified
C:\Libraries\stb\stb_image.h(6090): message : index 'pixelCount' range checked by comparison on this line
C:\Libraries\stb\stb_image.h(6091): message : feeds call on this line
C:\Libraries\stb\stb_image.h(6086): warning C5045: Compiler will insert Spectre mitigation for memory load if /Qspectre switch specified
C:\Libraries\stb\stb_image.h(6085): message : index 'pixelCount' range checked by comparison on this line
C:\Libraries\stb\stb_image.h(6086): message : feeds call on this line
C:\Libraries\stb\stb_image.h(5831): warning C5045: Compiler will insert Spectre mitigation for memory load if /Qspectre switch specified
C:\Libraries\stb\stb_image.h(5830): message : index 'tga_comp' range checked by comparison on this line
C:\Libraries\stb\stb_image.h(5831): message : feeds call on this line
C:\Libraries\stb\stb_image.h(5797): warning C5045: Compiler will insert Spectre mitigation for memory load if /Qspectre switch specified
C:\Libraries\stb\stb_image.h(5789): message : index '' range checked by comparison on this line
C:\Libraries\stb\stb_image.h(5797): message : feeds call on this line
C:\Libraries\stb\stb_image.h(5779): warning C5045: Compiler will insert Spectre mitigation for memory load if /Qspectre switch specified
C:\Libraries\stb\stb_image.h(5778): message : index 'tga_palette_len' range checked by comparison on this line
C:\Libraries\stb\stb_image.h(5779): message : feeds call on this line
C:\Libraries\stb\stb_image.h(5756): warning C5045: Compiler will insert Spectre mitigation for memory load if /Qspectre switch specified
C:\Libraries\stb\stb_image.h(5753): message : index 'tga_height' range checked by comparison on this line
C:\Libraries\stb\stb_image.h(5756): message : feeds call on this line
C:\Libraries\stb\stb_image.h(4299): warning C5045: Compiler will insert Spectre mitigation for memory load if /Qspectre switch specified
C:\Libraries\stb\stb_image.h(4298): message : index '' range checked by comparison on this line
C:\Libraries\stb\stb_image.h(4299): message : feeds call on this line
C:\Libraries\stb\stb_image.h(4249): warning C5045: Compiler will insert Spectre mitigation for memory load if /Qspectre switch specified
C:\Libraries\stb\stb_image.h(4248): message : index 'ntot' range checked by comparison on this line
C:\Libraries\stb\stb_image.h(4249): message : feeds call on this line
C:\Libraries\stb\stb_image.h(4243): warning C5045: Compiler will insert Spectre mitigation for memory load if /Qspectre switch specified
C:\Libraries\stb\stb_image.h(4241): message : index 'i' range checked by comparison on this line
C:\Libraries\stb\stb_image.h(4243): message : feeds memory load on this line
C:\Libraries\stb\stb_image.h(4213): warning C5045: Compiler will insert Spectre mitigation for memory load if /Qspectre switch specified
C:\Libraries\stb\stb_image.h(4212): message : index '' range checked by comparison on this line
C:\Libraries\stb\stb_image.h(4213): message : feeds call on this line
C:\Libraries\stb\stb_image.h(4193): warning C5045: Compiler will insert Spectre mitigation for memory load if /Qspectre switch specified
C:\Libraries\stb\stb_image.h(4192): message : index 'zout' range checked by comparison on this line
C:\Libraries\stb\stb_image.h(4193): message : feeds call on this line
C:\Libraries\stb\stb_image.h(1595): warning C5045: Compiler will insert Spectre mitigation for memory load if /Qspectre switch specified
C:\Libraries\stb\stb_image.h(1593): message : index 'blen' range checked by comparison on this line
C:\Libraries\stb\stb_image.h(1595): message : feeds call on this line
C:\Libraries\stb\stb_image.h(1623): warning C5045: Compiler will insert Spectre mitigation for memory load if /Qspectre switch specified
C:\Libraries\stb\stb_image.h(1622): message : index '' range checked by comparison on this line
C:\Libraries\stb\stb_image.h(1623): message : feeds call on this line
C:\Libraries\stb\stb_image.h(1615): warning C5045: Compiler will insert Spectre mitigation for memory load if /Qspectre switch specified
C:\Libraries\stb\stb_image.h(1610): message : index 'blen' range checked by comparison on this line
C:\Libraries\stb\stb_image.h(1615): message : feeds call on this line
C:\Libraries\VulkanMemoryAllocator\src\vk_mem_alloc.h(5084): warning C5045: Compiler will insert Spectre mitigation for memory load if /Qspectre switch specified
C:\Libraries\VulkanMemoryAllocator\src\vk_mem_alloc.h(5082): message : index 'index' range checked by comparison on this line
C:\Libraries\VulkanMemoryAllocator\src\vk_mem_alloc.h(5084): message : feeds call on this line
C:\Libraries\stb\stb_image.h(6559): warning C5045: Compiler will insert Spectre mitigation for memory load if /Qspectre switch specified
C:\Libraries\stb\stb_image.h(6558): message : index 'len' range checked by comparison on this line
C:\Libraries\stb\stb_image.h(6559): message : feeds call on this line
C:\Libraries\stb\stb_image.h(6538): warning C5045: Compiler will insert Spectre mitigation for memory load if /Qspectre switch specified
C:\Libraries\stb\stb_image.h(6536): message : index 'codesize' range checked by comparison on this line
C:\Libraries\stb\stb_image.h(6538): message : feeds call on this line
C:\Libraries\stb\stb_image.h(6252): warning C5045: Compiler will insert Spectre mitigation for memory load if /Qspectre switch specified
C:\Libraries\stb\stb_image.h(6251): message : index 'width' range checked by comparison on this line
C:\Libraries\stb\stb_image.h(6252): message : feeds call on this line
C:\Libraries\stb\stb_image.h(6273): warning C5045: Compiler will insert Spectre mitigation for memory load if /Qspectre switch specified
C:\Libraries\stb\stb_image.h(6272): message : index '' range checked by comparison on this line
C:\Libraries\stb\stb_image.h(6273): message : feeds call on this line
C:\Libraries\stb\stb_image.h(6305): warning C5045: Compiler will insert Spectre mitigation for memory load if /Qspectre switch specified
C:\Libraries\stb\stb_image.h(6304): message : index 'count' range checked by comparison on this line
C:\Libraries\stb\stb_image.h(6305): message : feeds call on this line
C:\Libraries\stb\stb_image.h(6299): warning C5045: Compiler will insert Spectre mitigation for memory load if /Qspectre switch specified
C:\Libraries\stb\stb_image.h(6298): message : index 'count' range checked by comparison on this line
C:\Libraries\stb\stb_image.h(6299): message : feeds call on this line
C:\Libraries\stb\stb_image.h(6289): warning C5045: Compiler will insert Spectre mitigation for memory load if /Qspectre switch specified
C:\Libraries\stb\stb_image.h(6285): message : index 'count' range checked by comparison on this line
C:\Libraries\stb\stb_image.h(6289): message : feeds call on this line
C:\Libraries\stb\stb_image.h(1784): warning C5045: Compiler will insert Spectre mitigation for memory load if /Qspectre switch specified
C:\Libraries\stb\stb_image.h(1784): message : index 'i' range checked by comparison on this line
C:\Libraries\stb\stb_image.h(1784): message : feeds call on this line
C:\Libraries\stb\stb_image.h(1783): warning C5045: Compiler will insert Spectre mitigation for memory load if /Qspectre switch specified
C:\Libraries\stb\stb_image.h(1783): message : index 'i' range checked by comparison on this line
C:\Libraries\stb\stb_image.h(1783): message : feeds call on this line
C:\Libraries\stb\stb_image.h(1782): warning C5045: Compiler will insert Spectre mitigation for memory load if /Qspectre switch specified
C:\Libraries\stb\stb_image.h(1782): message : index 'i' range checked by comparison on this line
C:\Libraries\stb\stb_image.h(1782): message : feeds call on this line
C:\Libraries\stb\stb_image.h(1781): warning C5045: Compiler will insert Spectre mitigation for memory load if /Qspectre switch specified
C:\Libraries\stb\stb_image.h(1781): message : index 'i' range checked by comparison on this line
C:\Libraries\stb\stb_image.h(1781): message : feeds call on this line
C:\Libraries\stb\stb_image.h(3902): warning C5045: Compiler will insert Spectre mitigation for memory load if /Qspectre switch specified
C:\Libraries\stb\stb_image.h(3901): message : index 'i' range checked by comparison on this line
C:\Libraries\stb\stb_image.h(3902): message : feeds call on this line
C:\Libraries\stb\stb_image.h(3892): warning C5045: Compiler will insert Spectre mitigation for memory load if /Qspectre switch specified
C:\Libraries\stb\stb_image.h(3891): message : index 'i' range checked by comparison on this line
C:\Libraries\stb\stb_image.h(3896): message : feeds call on this line
C:\Libraries\stb\stb_image.h(3886): warning C5045: Compiler will insert Spectre mitigation for memory load if /Qspectre switch specified
C:\Libraries\stb\stb_image.h(3885): message : index 'i' range checked by comparison on this line
C:\Libraries\stb\stb_image.h(3886): message : feeds call on this line
C:\Libraries\stb\stb_image.h(3883): warning C5045: Compiler will insert Spectre mitigation for memory load if /Qspectre switch specified
C:\Libraries\stb\stb_image.h(3882): message : index 'i' range checked by comparison on this line
C:\Libraries\stb\stb_image.h(3883): message : feeds call on this line
C:\Libraries\stb\stb_image.h(3864): warning C5045: Compiler will insert Spectre mitigation for memory load if /Qspectre switch specified
C:\Libraries\stb\stb_image.h(3863): message : index 'i' range checked by comparison on this line
C:\Libraries\stb\stb_image.h(3867): message : feeds call on this line
C:\Libraries\stb\stb_image.h(3857): warning C5045: Compiler will insert Spectre mitigation for memory load if /Qspectre switch specified
C:\Libraries\stb\stb_image.h(3853): message : index 'i' range checked by comparison on this line
C:\Libraries\stb\stb_image.h(3857): message : feeds call on this line
C:\Libraries\stb\stb_image.h(3826): warning C5045: Compiler will insert Spectre mitigation for memory load if /Qspectre switch specified
C:\Libraries\stb\stb_image.h(3823): message : index 'k' range checked by comparison on this line
C:\Libraries\stb\stb_image.h(3826): message : feeds call on this line
C:\Libraries\stb\stb_image.h(5003): warning C5045: Compiler will insert Spectre mitigation for memory load if /Qspectre switch specified
C:\Libraries\stb\stb_image.h(5000): message : index 'pal_len' range checked by comparison on this line
C:\Libraries\stb\stb_image.h(5003): message : feeds call on this line
C:\Libraries\stb\stb_image.h(2428): warning C5045: Compiler will insert Spectre mitigation for memory load if /Qspectre switch specified
C:\Libraries\stb\stb_image.h(2426): message : index 'i' range checked by comparison on this line
C:\Libraries\stb\stb_image.h(2448): message : feeds call on this line
C:\Libraries\stb\stb_image.h(3449): warning C5045: Compiler will insert Spectre mitigation for memory load if /Qspectre switch specified
C:\Libraries\stb\stb_image.h(3443): message : index 'i' range checked by comparison on this line
C:\Libraries\stb\stb_image.h(3449): message : feeds call on this line
C:\Libraries\stb\stb_image.h(3607): warning C5045: Compiler will insert Spectre mitigation for memory load if /Qspectre switch specified
C:\Libraries\stb\stb_image.h(3603): message : index '' range checked by comparison on this line
C:\Libraries\stb\stb_image.h(3607): message : feeds call on this line
C:\Libraries\stb\stb_image.h(3257): warning C5045: Compiler will insert Spectre mitigation for memory load if /Qspectre switch specified
C:\Libraries\stb\stb_image.h(3239): message : index 'i' range checked by comparison on this line
C:\Libraries\stb\stb_image.h(3257): message : feeds call on this line
C:\Libraries\stb\stb_image.h(3255): warning C5045: Compiler will insert Spectre mitigation for memory load if /Qspectre switch specified
C:\Libraries\stb\stb_image.h(3239): message : index 'i' range checked by comparison on this line
C:\Libraries\stb\stb_image.h(3255): message : feeds call on this line
C:\Libraries\stb\stb_image.h(3215): warning C5045: Compiler will insert Spectre mitigation for memory load if /Qspectre switch specified
C:\Libraries\stb\stb_image.h(3210): message : index 'i' range checked by comparison on this line
C:\Libraries\stb\stb_image.h(3215): message : feeds call on this line
C:\Libraries\stb\stb_image.h(4781): warning C5045: Compiler will insert Spectre mitigation for memory load if /Qspectre switch specified
C:\Libraries\stb\stb_image.h(4778): message : index 'i' range checked by comparison on this line
C:\Libraries\stb\stb_image.h(4781): message : feeds call on this line
C:\Libraries\stb\stb_image.h(4774): warning C5045: Compiler will insert Spectre mitigation for memory load if /Qspectre switch specified
C:\Libraries\stb\stb_image.h(4762): message : index 'p' range checked by comparison on this line
C:\Libraries\stb\stb_image.h(4774): message : feeds call on this line
C:\Libraries\stb\stb_image.h(4773): warning C5045: Compiler will insert Spectre mitigation for memory load if /Qspectre switch specified
C:\Libraries\stb\stb_image.h(4762): message : index 'p' range checked by comparison on this line
C:\Libraries\stb\stb_image.h(4773): message : feeds call on this line
C:\Libraries\stb\stb_image.h(4769): warning C5045: Compiler will insert Spectre mitigation for memory load if /Qspectre switch specified
C:\Libraries\stb\stb_image.h(4762): message : index 'p' range checked by comparison on this line
C:\Libraries\stb\stb_image.h(4773): message : feeds call on this line
C:\Libraries\stb\stb_image.h(4866): warning C5045: Compiler will insert Spectre mitigation for memory load if /Qspectre switch specified
C:\Libraries\stb\stb_image.h(4865): message : index 'i' range checked by comparison on this line
C:\Libraries\stb\stb_image.h(4870): message : feeds memory load on this line
C:\Libraries\stb\stb_image.h(4858): warning C5045: Compiler will insert Spectre mitigation for memory load if /Qspectre switch specified
C:\Libraries\stb\stb_image.h(4857): message : index 'i' range checked by comparison on this line
C:\Libraries\stb\stb_image.h(4861): message : feeds memory load on this line
C:\Libraries\stb\stb_image.h(3182): warning C5045: Compiler will insert Spectre mitigation for memory load if /Qspectre switch specified
C:\Libraries\stb\stb_image.h(3170): message : index 'i' range checked by comparison on this line
C:\Libraries\stb\stb_image.h(3182): message : feeds call on this line
C:\Libraries\stb\stb_image.h(3177): warning C5045: Compiler will insert Spectre mitigation for memory load if /Qspectre switch specified
C:\Libraries\stb\stb_image.h(3170): message : index 'i' range checked by comparison on this line
C:\Libraries\stb\stb_image.h(3177): message : feeds call on this line
C:\Libraries\stb\stb_image.h(3172): warning C5045: Compiler will insert Spectre mitigation for memory load if /Qspectre switch specified
C:\Libraries\stb\stb_image.h(3170): message : index 'i' range checked by comparison on this line
C:\Libraries\stb\stb_image.h(3172): message : feeds call on this line
C:\Libraries\stb\stb_image.h(1990): warning C5045: Compiler will insert Spectre mitigation for memory load if /Qspectre switch specified
C:\Libraries\stb\stb_image.h(1989): message : index 'i' range checked by comparison on this line
C:\Libraries\stb\stb_image.h(1996): message : feeds memory load on this line
C:\Libraries\stb\stb_image.h(3018): warning C5045: Compiler will insert Spectre mitigation for memory load if /Qspectre switch specified
C:\Libraries\stb\stb_image.h(3015): message : index 'i' range checked by comparison on this line
C:\Libraries\stb\stb_image.h(3018): message : feeds call on this line
C:\Libraries\stb\stb_image.h(2980): warning C5045: Compiler will insert Spectre mitigation for memory load if /Qspectre switch specified
C:\Libraries\stb\stb_image.h(2976): message : index 'x' range checked by comparison on this line
C:\Libraries\stb\stb_image.h(2980): message : feeds call on this line
C:\Libraries\stb\stb_image.h(2972): warning C5045: Compiler will insert Spectre mitigation for memory load if /Qspectre switch specified
C:\Libraries\stb\stb_image.h(2971): message : index 'k' range checked by comparison on this line
C:\Libraries\stb\stb_image.h(2980): message : feeds call on this line
C:\Libraries\stb\stb_image.h(2912): warning C5045: Compiler will insert Spectre mitigation for memory load if /Qspectre switch specified
C:\Libraries\stb\stb_image.h(2911): message : index 'k' range checked by comparison on this line
C:\Libraries\stb\stb_image.h(2921): message : feeds call on this line
C:\Libraries\stb\stb_image.h(4631): warning C5045: Compiler will insert Spectre mitigation for memory load if /Qspectre switch specified
C:\Libraries\stb\stb_image.h(4631): message : index 'k' range checked by comparison on this line
C:\Libraries\stb\stb_image.h(4631): message : feeds call on this line
C:\Libraries\stb\stb_image.h(4629): warning C5045: Compiler will insert Spectre mitigation for memory load if /Qspectre switch specified
C:\Libraries\stb\stb_image.h(4629): message : index 'k' range checked by comparison on this line
C:\Libraries\stb\stb_image.h(4629): message : feeds call on this line
C:\Libraries\stb\stb_image.h(4648): warning C5045: Compiler will insert Spectre mitigation for memory load if /Qspectre switch specified
C:\Libraries\stb\stb_image.h(4648): message : index 'k' range checked by comparison on this line
C:\Libraries\stb\stb_image.h(4648): message : feeds call on this line
C:\Libraries\stb\stb_image.h(4646): warning C5045: Compiler will insert Spectre mitigation for memory load if /Qspectre switch specified
C:\Libraries\stb\stb_image.h(4646): message : index 'k' range checked by comparison on this line
C:\Libraries\stb\stb_image.h(4646): message : feeds call on this line
C:\Libraries\stb\stb_image.h(2300): warning C5045: Compiler will insert Spectre mitigation for memory load if /Qspectre switch specified
C:\Libraries\stb\stb_image.h(2297): message : index 'r' range checked by comparison on this line
C:\Libraries\stb\stb_image.h(2300): message : feeds call on this line
C:\Libraries\stb\stb_image.h(2278): warning C5045: Compiler will insert Spectre mitigation for memory load if /Qspectre switch specified
C:\Libraries\stb\stb_image.h(2277): message : index 'k' range checked by comparison on this line
C:\Libraries\stb\stb_image.h(2283): message : feeds memory load on this line
C:\Libraries\stb\stb_image.h(2258): warning C5045: Compiler will insert Spectre mitigation for memory load if /Qspectre switch specified
C:\Libraries\stb\stb_image.h(2255): message : index 'r' range checked by comparison on this line
C:\Libraries\stb\stb_image.h(2258): message : feeds call on this line
C:\Libraries\stb\stb_image.h(4532): warning C5045: Compiler will insert Spectre mitigation for memory load if /Qspectre switch specified
C:\Libraries\stb\stb_image.h(4532): message : index 'pb' range checked by comparison on this line
C:\Libraries\stb\stb_image.h(4532): message : feeds call on this line
C:\Libraries\stb\stb_image.h(4531): warning C5045: Compiler will insert Spectre mitigation for memory load if /Qspectre switch specified
C:\Libraries\stb\stb_image.h(4531): message : index 'pa' range checked by comparison on this line
C:\Libraries\stb\stb_image.h(4531): message : feeds call on this line
  gfx.vcxproj -> C:\Users\Laurin\source\repos\vesuvio\x64\Debug\gfx.lib
